---------------------------------------------------------------
[2019-02-02T00:19:19+08:00] 127.0.0.1 GET www.bjtc.com/hello/111
[运行时间：0.030849s] [吞吐率：32.42req/s] [内存消耗：993.55kb] [文件加载：45]
[ info ] [ LANG ] D:\WWW\bjtc\thinkphp\lang\zh-cn.php
[ info ] [ ROUTE ] array (
  'rule' => 'hello',
  'route' => 
  Closure::__set_state(array(
  )),
  'option' => 
  array (
    'merge_rule_regex' => false,
  ),
  'var' => 
  array (
  ),
)
[ info ] [ HEADER ] array (
  'cookie' => 'pgv_pvi=3225287680; pgv_si=s2078797824',
  'accept-language' => 'zh-CN,zh;q=0.9',
  'accept-encoding' => 'gzip, deflate',
  'accept' => 'text/html,application/xhtml+xml,application/xml;q=0.9,image/webp,image/apng,*/*;q=0.8',
  'user-agent' => 'Mozilla/5.0 (Windows NT 10.0; Win64; x64) AppleWebKit/537.36 (KHTML, like Gecko) Chrome/71.0.3578.98 Safari/537.36',
  'upgrade-insecure-requests' => '1',
  'cache-control' => 'max-age=0',
  'connection' => 'close',
  'host' => 'www.bjtc.com',
)
[ info ] [ PARAM ] array (
  '/hello/111' => '',
)
---------------------------------------------------------------
[2019-02-02T00:21:11+08:00] 127.0.0.1 GET www.bjtc.com/
[运行时间：0.046176s] [吞吐率：21.66req/s] [内存消耗：1,397.62kb] [文件加载：61]
[ info ] [ LANG ] D:\WWW\bjtc\thinkphp\lang\zh-cn.php
[ info ] [ ROUTE ] array (
)
[ info ] [ HEADER ] array (
  'cookie' => 'pgv_pvi=3225287680; pgv_si=s2078797824',
  'accept-language' => 'zh-CN,zh;q=0.9',
  'accept-encoding' => 'gzip, deflate',
  'accept' => 'text/html,application/xhtml+xml,application/xml;q=0.9,image/webp,image/apng,*/*;q=0.8',
  'user-agent' => 'Mozilla/5.0 (Windows NT 10.0; Win64; x64) AppleWebKit/537.36 (KHTML, like Gecko) Chrome/71.0.3578.98 Safari/537.36',
  'upgrade-insecure-requests' => '1',
  'connection' => 'close',
  'host' => 'www.bjtc.com',
)
[ info ] [ PARAM ] array (
)
[ error ] [0]模板文件不存在:D:\WWW\bjtc\application\index\view\index\index.html[D:\WWW\bjtc\thinkphp\library\think\view\driver\Think.php:86]
---------------------------------------------------------------
[2019-02-02T00:21:30+08:00] 127.0.0.1 GET www.bjtc.com/
[运行时间：0.040162s] [吞吐率：24.90req/s] [内存消耗：1,477.29kb] [文件加载：60]
[ info ] [ LANG ] D:\WWW\bjtc\thinkphp\lang\zh-cn.php
[ info ] [ ROUTE ] array (
)
[ info ] [ HEADER ] array (
  'cookie' => 'pgv_pvi=3225287680; pgv_si=s2078797824',
  'accept-language' => 'zh-CN,zh;q=0.9',
  'accept-encoding' => 'gzip, deflate',
  'accept' => 'text/html,application/xhtml+xml,application/xml;q=0.9,image/webp,image/apng,*/*;q=0.8',
  'user-agent' => 'Mozilla/5.0 (Windows NT 10.0; Win64; x64) AppleWebKit/537.36 (KHTML, like Gecko) Chrome/71.0.3578.98 Safari/537.36',
  'upgrade-insecure-requests' => '1',
  'cache-control' => 'max-age=0',
  'connection' => 'close',
  'host' => 'www.bjtc.com',
)
[ info ] [ PARAM ] array (
)
[ info ] [ VIEW ] D:\WWW\bjtc\application\index\view\index\index.html [ array (
) ]
---------------------------------------------------------------
[2019-02-02T00:36:26+08:00] 127.0.0.1 GET www.bjtc.com/
[运行时间：0.038699s] [吞吐率：25.84req/s] [内存消耗：1,364.27kb] [文件加载：58]
[ info ] [ LANG ] D:\WWW\bjtc\thinkphp\lang\zh-cn.php
[ info ] [ ROUTE ] array (
)
[ info ] [ HEADER ] array (
  'cookie' => 'pgv_pvi=3225287680; pgv_si=s2078797824',
  'accept-language' => 'zh-CN,zh;q=0.9',
  'accept-encoding' => 'gzip, deflate',
  'accept' => 'text/html,application/xhtml+xml,application/xml;q=0.9,image/webp,image/apng,*/*;q=0.8',
  'user-agent' => 'Mozilla/5.0 (Windows NT 10.0; Win64; x64) AppleWebKit/537.36 (KHTML, like Gecko) Chrome/71.0.3578.98 Safari/537.36',
  'upgrade-insecure-requests' => '1',
  'cache-control' => 'max-age=0',
  'connection' => 'close',
  'host' => 'www.bjtc.com',
)
[ info ] [ PARAM ] array (
)
[ info ] [ VIEW ] D:\WWW\bjtc\application\index\view\index\index.html [ array (
) ]
---------------------------------------------------------------
[2019-02-02T00:39:27+08:00] 127.0.0.1 GET t3.gstatic.cn/shopping?q=tbn:ANd9GcRagtSS3D9XJzRPbgen70Nvx6WRM4MbH3DstF8akV1YHmnDKXhYBg&usqp=CAI
[运行时间：0.038977s] [吞吐率：25.66req/s] [内存消耗：1,044.98kb] [文件加载：49]
[ info ] [ LANG ] D:\WWW\bjtc\thinkphp\lang\zh-cn.php
---------------------------------------------------------------
[2019-02-02T00:39:28+08:00] 127.0.0.1 GET t3.gstatic.cn/shopping?q=tbn:ANd9GcQyj-N-Xvr1e8HxYLdAomJzqoZLyY1_dtYZuI4SLMuCcFjKZ5bsARw&usqp=CAI
[运行时间：0.029158s] [吞吐率：34.30req/s] [内存消耗：1,044.98kb] [文件加载：49]
[ info ] [ LANG ] D:\WWW\bjtc\thinkphp\lang\zh-cn.php
---------------------------------------------------------------
[2019-02-02T00:39:28+08:00] 127.0.0.1 GET t3.gstatic.cn/shopping?q=tbn:ANd9GcRTFfHk1eQgUnfsLvaqCfGNBlMJW8tbVczGev7ElNisYszfNp8yCA&usqp=CAI
[运行时间：0.033824s] [吞吐率：29.56req/s] [内存消耗：1,045.02kb] [文件加载：49]
[ info ] [ LANG ] D:\WWW\bjtc\thinkphp\lang\zh-cn.php
---------------------------------------------------------------
[2019-02-02T00:39:31+08:00] 127.0.0.1 GET t3.gstatic.cn/shopping?q=tbn:ANd9GcRTFfHk1eQgUnfsLvaqCfGNBlMJW8tbVczGev7ElNisYszfNp8yCA&usqp=CAI
[运行时间：0.030002s] [吞吐率：33.33req/s] [内存消耗：1,044.98kb] [文件加载：49]
[ info ] [ LANG ] D:\WWW\bjtc\thinkphp\lang\zh-cn.php
---------------------------------------------------------------
[2019-02-02T00:39:31+08:00] 127.0.0.1 GET t3.gstatic.cn/shopping?q=tbn:ANd9GcQyj-N-Xvr1e8HxYLdAomJzqoZLyY1_dtYZuI4SLMuCcFjKZ5bsARw&usqp=CAI
[运行时间：0.029824s] [吞吐率：33.53req/s] [内存消耗：1,044.98kb] [文件加载：49]
[ info ] [ LANG ] D:\WWW\bjtc\thinkphp\lang\zh-cn.php
---------------------------------------------------------------
[2019-02-02T00:39:32+08:00] 127.0.0.1 GET t3.gstatic.cn/shopping?q=tbn:ANd9GcRagtSS3D9XJzRPbgen70Nvx6WRM4MbH3DstF8akV1YHmnDKXhYBg&usqp=CAI
[运行时间：0.024427s] [吞吐率：40.94req/s] [内存消耗：1,044.98kb] [文件加载：49]
[ info ] [ LANG ] D:\WWW\bjtc\thinkphp\lang\zh-cn.php
---------------------------------------------------------------
[2019-02-02T01:06:17+08:00] 127.0.0.1 GET www.bjtc.com/
[运行时间：0.048301s] [吞吐率：20.70req/s] [内存消耗：1,399.48kb] [文件加载：61]
[ info ] [ LANG ] D:\WWW\bjtc\thinkphp\lang\zh-cn.php
[ info ] [ ROUTE ] array (
)
[ info ] [ HEADER ] array (
  'connection' => 'close',
  'x-lantern-version' => '5.2.7',
  'upgrade-insecure-requests' => '1',
  'proxy-connection' => 'keep-alive',
  'cookie' => 'pgv_pvi=3225287680; pgv_si=s2078797824',
  'cache-control' => 'max-age=0',
  'accept-language' => 'zh-CN,zh;q=0.9',
  'accept-encoding' => 'gzip, deflate',
  'accept' => 'text/html,application/xhtml+xml,application/xml;q=0.9,image/webp,image/apng,*/*;q=0.8',
  'user-agent' => 'Mozilla/5.0 (Windows NT 10.0; Win64; x64) AppleWebKit/537.36 (KHTML, like Gecko) Chrome/71.0.3578.98 Safari/537.36',
  'host' => 'www.bjtc.com',
)
[ info ] [ PARAM ] array (
)
[ error ] [1]Call to undefined method app\index\controller\Index::fetch()[D:\WWW\bjtc\application\index\controller\Index.php:8]
---------------------------------------------------------------
[2019-02-02T01:06:33+08:00] 127.0.0.1 GET www.bjtc.com/
[运行时间：0.036489s] [吞吐率：27.41req/s] [内存消耗：1,399.55kb] [文件加载：61]
[ info ] [ LANG ] D:\WWW\bjtc\thinkphp\lang\zh-cn.php
[ info ] [ ROUTE ] array (
)
[ info ] [ HEADER ] array (
  'connection' => 'close',
  'x-lantern-version' => '5.2.7',
  'upgrade-insecure-requests' => '1',
  'proxy-connection' => 'keep-alive',
  'cookie' => 'pgv_pvi=3225287680; pgv_si=s2078797824',
  'cache-control' => 'max-age=0',
  'accept-language' => 'zh-CN,zh;q=0.9',
  'accept-encoding' => 'gzip, deflate',
  'accept' => 'text/html,application/xhtml+xml,application/xml;q=0.9,image/webp,image/apng,*/*;q=0.8',
  'user-agent' => 'Mozilla/5.0 (Windows NT 10.0; Win64; x64) AppleWebKit/537.36 (KHTML, like Gecko) Chrome/71.0.3578.98 Safari/537.36',
  'host' => 'www.bjtc.com',
)
[ info ] [ PARAM ] array (
)
[ error ] [1]Call to undefined method app\index\controller\Index::view()[D:\WWW\bjtc\application\index\controller\Index.php:8]
---------------------------------------------------------------
[2019-02-02T01:06:34+08:00] 127.0.0.1 GET www.bjtc.com/
[运行时间：0.045878s] [吞吐率：21.80req/s] [内存消耗：1,399.55kb] [文件加载：61]
[ info ] [ LANG ] D:\WWW\bjtc\thinkphp\lang\zh-cn.php
[ info ] [ ROUTE ] array (
)
[ info ] [ HEADER ] array (
  'connection' => 'close',
  'x-lantern-version' => '5.2.7',
  'upgrade-insecure-requests' => '1',
  'proxy-connection' => 'keep-alive',
  'cookie' => 'pgv_pvi=3225287680; pgv_si=s2078797824',
  'cache-control' => 'max-age=0',
  'accept-language' => 'zh-CN,zh;q=0.9',
  'accept-encoding' => 'gzip, deflate',
  'accept' => 'text/html,application/xhtml+xml,application/xml;q=0.9,image/webp,image/apng,*/*;q=0.8',
  'user-agent' => 'Mozilla/5.0 (Windows NT 10.0; Win64; x64) AppleWebKit/537.36 (KHTML, like Gecko) Chrome/71.0.3578.98 Safari/537.36',
  'host' => 'www.bjtc.com',
)
[ info ] [ PARAM ] array (
)
[ error ] [1]Call to undefined method app\index\controller\Index::view()[D:\WWW\bjtc\application\index\controller\Index.php:8]
---------------------------------------------------------------
[2019-02-02T01:06:39+08:00] 127.0.0.1 GET www.bjtc.com/
[运行时间：0.036267s] [吞吐率：27.57req/s] [内存消耗：1,350.75kb] [文件加载：56]
[ info ] [ LANG ] D:\WWW\bjtc\thinkphp\lang\zh-cn.php
[ info ] [ ROUTE ] array (
)
[ info ] [ HEADER ] array (
  'connection' => 'close',
  'x-lantern-version' => '5.2.7',
  'upgrade-insecure-requests' => '1',
  'proxy-connection' => 'keep-alive',
  'cookie' => 'pgv_pvi=3225287680; pgv_si=s2078797824',
  'cache-control' => 'max-age=0',
  'accept-language' => 'zh-CN,zh;q=0.9',
  'accept-encoding' => 'gzip, deflate',
  'accept' => 'text/html,application/xhtml+xml,application/xml;q=0.9,image/webp,image/apng,*/*;q=0.8',
  'user-agent' => 'Mozilla/5.0 (Windows NT 10.0; Win64; x64) AppleWebKit/537.36 (KHTML, like Gecko) Chrome/71.0.3578.98 Safari/537.36',
  'host' => 'www.bjtc.com',
)
[ info ] [ PARAM ] array (
)
---------------------------------------------------------------
[2019-02-02T01:16:31+08:00] 127.0.0.1 GET www.bjtc.com/
[运行时间：0.045075s] [吞吐率：22.19req/s] [内存消耗：1,399.65kb] [文件加载：61]
[ info ] [ LANG ] D:\WWW\bjtc\thinkphp\lang\zh-cn.php
[ info ] [ ROUTE ] array (
)
[ info ] [ HEADER ] array (
  'connection' => 'close',
  'x-lantern-version' => '5.2.7',
  'upgrade-insecure-requests' => '1',
  'proxy-connection' => 'keep-alive',
  'cookie' => 'pgv_pvi=3225287680; pgv_si=s2078797824',
  'cache-control' => 'max-age=0',
  'accept-language' => 'zh-CN,zh;q=0.9',
  'accept-encoding' => 'gzip, deflate',
  'accept' => 'text/html,application/xhtml+xml,application/xml;q=0.9,image/webp,image/apng,*/*;q=0.8',
  'user-agent' => 'Mozilla/5.0 (Windows NT 10.0; Win64; x64) AppleWebKit/537.36 (KHTML, like Gecko) Chrome/71.0.3578.98 Safari/537.36',
  'host' => 'www.bjtc.com',
)
[ info ] [ PARAM ] array (
)
[ error ] [1]Call to undefined method app\index\controller\Index::view()[D:\WWW\bjtc\application\index\controller\Index.php:8]
---------------------------------------------------------------
[2019-02-02T01:17:40+08:00] 127.0.0.1 GET www.bjtc.com/
[运行时间：0.042477s] [吞吐率：23.54req/s] [内存消耗：1,399.72kb] [文件加载：61]
[ info ] [ LANG ] D:\WWW\bjtc\thinkphp\lang\zh-cn.php
[ info ] [ ROUTE ] array (
)
[ info ] [ HEADER ] array (
  'connection' => 'close',
  'x-lantern-version' => '5.2.7',
  'upgrade-insecure-requests' => '1',
  'proxy-connection' => 'keep-alive',
  'cookie' => 'pgv_pvi=3225287680; pgv_si=s2078797824',
  'cache-control' => 'max-age=0',
  'accept-language' => 'zh-CN,zh;q=0.9',
  'accept-encoding' => 'gzip, deflate',
  'accept' => 'text/html,application/xhtml+xml,application/xml;q=0.9,image/webp,image/apng,*/*;q=0.8',
  'user-agent' => 'Mozilla/5.0 (Windows NT 10.0; Win64; x64) AppleWebKit/537.36 (KHTML, like Gecko) Chrome/71.0.3578.98 Safari/537.36',
  'host' => 'www.bjtc.com',
)
[ info ] [ PARAM ] array (
)
[ error ] [1]Call to undefined method app\index\controller\Index::view()[D:\WWW\bjtc\application\index\controller\Index.php:8]
---------------------------------------------------------------
[2019-02-02T01:17:43+08:00] 127.0.0.1 GET www.bjtc.com/
[运行时间：0.035651s] [吞吐率：28.05req/s] [内存消耗：1,399.72kb] [文件加载：61]
[ info ] [ LANG ] D:\WWW\bjtc\thinkphp\lang\zh-cn.php
[ info ] [ ROUTE ] array (
)
[ info ] [ HEADER ] array (
  'connection' => 'close',
  'x-lantern-version' => '5.2.7',
  'upgrade-insecure-requests' => '1',
  'proxy-connection' => 'keep-alive',
  'cookie' => 'pgv_pvi=3225287680; pgv_si=s2078797824',
  'cache-control' => 'max-age=0',
  'accept-language' => 'zh-CN,zh;q=0.9',
  'accept-encoding' => 'gzip, deflate',
  'accept' => 'text/html,application/xhtml+xml,application/xml;q=0.9,image/webp,image/apng,*/*;q=0.8',
  'user-agent' => 'Mozilla/5.0 (Windows NT 10.0; Win64; x64) AppleWebKit/537.36 (KHTML, like Gecko) Chrome/71.0.3578.98 Safari/537.36',
  'host' => 'www.bjtc.com',
)
[ info ] [ PARAM ] array (
)
[ error ] [1]Call to undefined method app\index\controller\Index::view()[D:\WWW\bjtc\application\index\controller\Index.php:8]
---------------------------------------------------------------
[2019-02-02T01:21:25+08:00] 127.0.0.1 GET www.bjtc.com/
[运行时间：0.043281s] [吞吐率：23.10req/s] [内存消耗：1,399.55kb] [文件加载：61]
[ info ] [ LANG ] D:\WWW\bjtc\thinkphp\lang\zh-cn.php
[ info ] [ ROUTE ] array (
)
[ info ] [ HEADER ] array (
  'connection' => 'close',
  'x-lantern-version' => '5.2.7',
  'upgrade-insecure-requests' => '1',
  'proxy-connection' => 'keep-alive',
  'cookie' => 'pgv_pvi=3225287680; pgv_si=s2078797824',
  'cache-control' => 'max-age=0',
  'accept-language' => 'zh-CN,zh;q=0.9',
  'accept-encoding' => 'gzip, deflate',
  'accept' => 'text/html,application/xhtml+xml,application/xml;q=0.9,image/webp,image/apng,*/*;q=0.8',
  'user-agent' => 'Mozilla/5.0 (Windows NT 10.0; Win64; x64) AppleWebKit/537.36 (KHTML, like Gecko) Chrome/71.0.3578.98 Safari/537.36',
  'host' => 'www.bjtc.com',
)
[ info ] [ PARAM ] array (
)
[ error ] [1]Call to undefined method app\index\controller\Index::fetch()[D:\WWW\bjtc\application\index\controller\Index.php:8]
---------------------------------------------------------------
[2019-02-02T01:21:25+08:00] 127.0.0.1 GET www.bjtc.com/
[运行时间：0.035081s] [吞吐率：28.51req/s] [内存消耗：1,399.55kb] [文件加载：61]
[ info ] [ LANG ] D:\WWW\bjtc\thinkphp\lang\zh-cn.php
[ info ] [ ROUTE ] array (
)
[ info ] [ HEADER ] array (
  'connection' => 'close',
  'x-lantern-version' => '5.2.7',
  'upgrade-insecure-requests' => '1',
  'proxy-connection' => 'keep-alive',
  'cookie' => 'pgv_pvi=3225287680; pgv_si=s2078797824',
  'cache-control' => 'max-age=0',
  'accept-language' => 'zh-CN,zh;q=0.9',
  'accept-encoding' => 'gzip, deflate',
  'accept' => 'text/html,application/xhtml+xml,application/xml;q=0.9,image/webp,image/apng,*/*;q=0.8',
  'user-agent' => 'Mozilla/5.0 (Windows NT 10.0; Win64; x64) AppleWebKit/537.36 (KHTML, like Gecko) Chrome/71.0.3578.98 Safari/537.36',
  'host' => 'www.bjtc.com',
)
[ info ] [ PARAM ] array (
)
[ error ] [1]Call to undefined method app\index\controller\Index::fetch()[D:\WWW\bjtc\application\index\controller\Index.php:8]
---------------------------------------------------------------
[2019-02-02T01:21:26+08:00] 127.0.0.1 GET www.bjtc.com/
[运行时间：0.037748s] [吞吐率：26.49req/s] [内存消耗：1,399.55kb] [文件加载：61]
[ info ] [ LANG ] D:\WWW\bjtc\thinkphp\lang\zh-cn.php
[ info ] [ ROUTE ] array (
)
[ info ] [ HEADER ] array (
  'connection' => 'close',
  'x-lantern-version' => '5.2.7',
  'upgrade-insecure-requests' => '1',
  'proxy-connection' => 'keep-alive',
  'cookie' => 'pgv_pvi=3225287680; pgv_si=s2078797824',
  'cache-control' => 'max-age=0',
  'accept-language' => 'zh-CN,zh;q=0.9',
  'accept-encoding' => 'gzip, deflate',
  'accept' => 'text/html,application/xhtml+xml,application/xml;q=0.9,image/webp,image/apng,*/*;q=0.8',
  'user-agent' => 'Mozilla/5.0 (Windows NT 10.0; Win64; x64) AppleWebKit/537.36 (KHTML, like Gecko) Chrome/71.0.3578.98 Safari/537.36',
  'host' => 'www.bjtc.com',
)
[ info ] [ PARAM ] array (
)
[ error ] [1]Call to undefined method app\index\controller\Index::fetch()[D:\WWW\bjtc\application\index\controller\Index.php:8]
---------------------------------------------------------------
[2019-02-02T01:21:26+08:00] 127.0.0.1 GET www.bjtc.com/
[运行时间：0.038915s] [吞吐率：25.70req/s] [内存消耗：1,399.55kb] [文件加载：61]
[ info ] [ LANG ] D:\WWW\bjtc\thinkphp\lang\zh-cn.php
[ info ] [ ROUTE ] array (
)
[ info ] [ HEADER ] array (
  'connection' => 'close',
  'x-lantern-version' => '5.2.7',
  'upgrade-insecure-requests' => '1',
  'proxy-connection' => 'keep-alive',
  'cookie' => 'pgv_pvi=3225287680; pgv_si=s2078797824',
  'cache-control' => 'max-age=0',
  'accept-language' => 'zh-CN,zh;q=0.9',
  'accept-encoding' => 'gzip, deflate',
  'accept' => 'text/html,application/xhtml+xml,application/xml;q=0.9,image/webp,image/apng,*/*;q=0.8',
  'user-agent' => 'Mozilla/5.0 (Windows NT 10.0; Win64; x64) AppleWebKit/537.36 (KHTML, like Gecko) Chrome/71.0.3578.98 Safari/537.36',
  'host' => 'www.bjtc.com',
)
[ info ] [ PARAM ] array (
)
[ error ] [1]Call to undefined method app\index\controller\Index::fetch()[D:\WWW\bjtc\application\index\controller\Index.php:8]
---------------------------------------------------------------
[2019-02-02T10:49:19+08:00] 127.0.0.1 GET www.bjtc.com/
[运行时间：0.039518s] [吞吐率：25.31req/s] [内存消耗：1,399.30kb] [文件加载：59]
[ info ] [ LANG ] D:\WWW\bjtc\thinkphp\lang\zh-cn.php
[ info ] [ ROUTE ] array (
)
[ info ] [ HEADER ] array (
  'cookie' => 'pgv_pvi=4240663552',
  'accept-language' => 'zh-CN,zh;q=0.9',
  'accept-encoding' => 'gzip, deflate',
  'accept' => 'text/html,application/xhtml+xml,application/xml;q=0.9,image/webp,image/apng,*/*;q=0.8',
  'user-agent' => 'Mozilla/5.0 (Windows NT 10.0; WOW64) AppleWebKit/537.36 (KHTML, like Gecko) Chrome/63.0.3239.132 Safari/537.36',
  'upgrade-insecure-requests' => '1',
  'connection' => 'close',
  'host' => 'www.bjtc.com',
)
[ info ] [ PARAM ] array (
)
[ info ] [ VIEW ] D:\WWW\bjtc\application\index\view\index\index.html [ array (
) ]
---------------------------------------------------------------
[2019-02-02T10:59:38+08:00] 127.0.0.1 GET www.bjtc.com/
[运行时间：0.044658s] [吞吐率：22.39req/s] [内存消耗：1,574.70kb] [文件加载：64]
[ info ] [ LANG ] D:\WWW\bjtc\thinkphp\lang\zh-cn.php
[ info ] [ ROUTE ] array (
)
[ info ] [ HEADER ] array (
  'cookie' => 'pgv_pvi=4240663552',
  'accept-language' => 'zh-CN,zh;q=0.9',
  'accept-encoding' => 'gzip, deflate',
  'accept' => 'text/html,application/xhtml+xml,application/xml;q=0.9,image/webp,image/apng,*/*;q=0.8',
  'user-agent' => 'Mozilla/5.0 (Windows NT 10.0; WOW64) AppleWebKit/537.36 (KHTML, like Gecko) Chrome/63.0.3239.132 Safari/537.36',
  'upgrade-insecure-requests' => '1',
  'cache-control' => 'max-age=0',
  'connection' => 'close',
  'host' => 'www.bjtc.com',
)
[ info ] [ PARAM ] array (
)
[ info ] [ VIEW ] D:\WWW\bjtc\application\index\view\index\index.html [ array (
) ]
---------------------------------------------------------------
[2019-02-02T10:59:38+08:00] 127.0.0.1 GET www.bjtc.com/
[运行时间：0.033662s] [吞吐率：29.71req/s] [内存消耗：1,461.60kb] [文件加载：62]
[ info ] [ LANG ] D:\WWW\bjtc\thinkphp\lang\zh-cn.php
[ info ] [ ROUTE ] array (
)
[ info ] [ HEADER ] array (
  'cookie' => 'pgv_pvi=4240663552',
  'accept-language' => 'zh-CN,zh;q=0.9',
  'accept-encoding' => 'gzip, deflate',
  'accept' => 'text/html,application/xhtml+xml,application/xml;q=0.9,image/webp,image/apng,*/*;q=0.8',
  'user-agent' => 'Mozilla/5.0 (Windows NT 10.0; WOW64) AppleWebKit/537.36 (KHTML, like Gecko) Chrome/63.0.3239.132 Safari/537.36',
  'upgrade-insecure-requests' => '1',
  'cache-control' => 'max-age=0',
  'connection' => 'close',
  'host' => 'www.bjtc.com',
)
[ info ] [ PARAM ] array (
)
[ info ] [ VIEW ] D:\WWW\bjtc\application\index\view\index\index.html [ array (
) ]
---------------------------------------------------------------
[2019-02-02T10:59:39+08:00] 127.0.0.1 GET www.bjtc.com/
[运行时间：0.033298s] [吞吐率：30.03req/s] [内存消耗：1,461.60kb] [文件加载：62]
[ info ] [ LANG ] D:\WWW\bjtc\thinkphp\lang\zh-cn.php
[ info ] [ ROUTE ] array (
)
[ info ] [ HEADER ] array (
  'cookie' => 'pgv_pvi=4240663552',
  'accept-language' => 'zh-CN,zh;q=0.9',
  'accept-encoding' => 'gzip, deflate',
  'accept' => 'text/html,application/xhtml+xml,application/xml;q=0.9,image/webp,image/apng,*/*;q=0.8',
  'user-agent' => 'Mozilla/5.0 (Windows NT 10.0; WOW64) AppleWebKit/537.36 (KHTML, like Gecko) Chrome/63.0.3239.132 Safari/537.36',
  'upgrade-insecure-requests' => '1',
  'cache-control' => 'max-age=0',
  'connection' => 'close',
  'host' => 'www.bjtc.com',
)
[ info ] [ PARAM ] array (
)
[ info ] [ VIEW ] D:\WWW\bjtc\application\index\view\index\index.html [ array (
) ]
---------------------------------------------------------------
[2019-02-02T10:59:40+08:00] 127.0.0.1 GET www.bjtc.com/
[运行时间：0.032589s] [吞吐率：30.69req/s] [内存消耗：1,461.60kb] [文件加载：62]
[ info ] [ LANG ] D:\WWW\bjtc\thinkphp\lang\zh-cn.php
[ info ] [ ROUTE ] array (
)
[ info ] [ HEADER ] array (
  'cookie' => 'pgv_pvi=4240663552',
  'accept-language' => 'zh-CN,zh;q=0.9',
  'accept-encoding' => 'gzip, deflate',
  'accept' => 'text/html,application/xhtml+xml,application/xml;q=0.9,image/webp,image/apng,*/*;q=0.8',
  'user-agent' => 'Mozilla/5.0 (Windows NT 10.0; WOW64) AppleWebKit/537.36 (KHTML, like Gecko) Chrome/63.0.3239.132 Safari/537.36',
  'upgrade-insecure-requests' => '1',
  'cache-control' => 'max-age=0',
  'connection' => 'close',
  'host' => 'www.bjtc.com',
)
[ info ] [ PARAM ] array (
)
[ info ] [ VIEW ] D:\WWW\bjtc\application\index\view\index\index.html [ array (
) ]
---------------------------------------------------------------
[2019-02-02T11:01:46+08:00] 127.0.0.1 POST master.test.dphub.sandai.net:80/
[运行时间：0.048998s] [吞吐率：20.41req/s] [内存消耗：1,572.80kb] [文件加载：64]
[ info ] [ LANG ] D:\WWW\bjtc\thinkphp\lang\zh-cn.php
[ info ] [ ROUTE ] array (
)
[ info ] [ HEADER ] array (
  'connection' => 'close',
  'content-length' => '256',
  'content-type' => 'application/octet-stream',
  'host' => 'master.test.dphub.sandai.net:80',
)
[ info ] [ PARAM ] array (
)
[ info ] [ VIEW ] D:\WWW\bjtc\application\index\view\index\index.html [ array (
) ]
---------------------------------------------------------------
[2019-02-02T11:08:33+08:00] 127.0.0.1 GET www.bjtc.com/
[运行时间：0.049085s] [吞吐率：20.37req/s] [内存消耗：1,577.08kb] [文件加载：64]
[ info ] [ LANG ] D:\WWW\bjtc\thinkphp\lang\zh-cn.php
[ info ] [ ROUTE ] array (
)
[ info ] [ HEADER ] array (
  'cookie' => 'pgv_pvi=4240663552',
  'accept-language' => 'zh-CN,zh;q=0.9',
  'accept-encoding' => 'gzip, deflate',
  'accept' => 'text/html,application/xhtml+xml,application/xml;q=0.9,image/webp,image/apng,*/*;q=0.8',
  'user-agent' => 'Mozilla/5.0 (Windows NT 10.0; WOW64) AppleWebKit/537.36 (KHTML, like Gecko) Chrome/63.0.3239.132 Safari/537.36',
  'upgrade-insecure-requests' => '1',
  'cache-control' => 'max-age=0',
  'connection' => 'close',
  'host' => 'www.bjtc.com',
)
[ info ] [ PARAM ] array (
)
[ info ] [ VIEW ] D:\WWW\bjtc\application\index\view\index\index.html [ array (
) ]
---------------------------------------------------------------
[2019-02-02T11:08:34+08:00] 127.0.0.1 GET www.bjtc.com/
[运行时间：0.034624s] [吞吐率：28.88req/s] [内存消耗：1,461.60kb] [文件加载：62]
[ info ] [ LANG ] D:\WWW\bjtc\thinkphp\lang\zh-cn.php
[ info ] [ ROUTE ] array (
)
[ info ] [ HEADER ] array (
  'cookie' => 'pgv_pvi=4240663552',
  'accept-language' => 'zh-CN,zh;q=0.9',
  'accept-encoding' => 'gzip, deflate',
  'accept' => 'text/html,application/xhtml+xml,application/xml;q=0.9,image/webp,image/apng,*/*;q=0.8',
  'user-agent' => 'Mozilla/5.0 (Windows NT 10.0; WOW64) AppleWebKit/537.36 (KHTML, like Gecko) Chrome/63.0.3239.132 Safari/537.36',
  'upgrade-insecure-requests' => '1',
  'cache-control' => 'max-age=0',
  'connection' => 'close',
  'host' => 'www.bjtc.com',
)
[ info ] [ PARAM ] array (
)
[ info ] [ VIEW ] D:\WWW\bjtc\application\index\view\index\index.html [ array (
) ]
---------------------------------------------------------------
[2019-02-02T11:08:35+08:00] 127.0.0.1 GET www.bjtc.com/
[运行时间：0.034739s] [吞吐率：28.79req/s] [内存消耗：1,461.60kb] [文件加载：62]
[ info ] [ LANG ] D:\WWW\bjtc\thinkphp\lang\zh-cn.php
[ info ] [ ROUTE ] array (
)
[ info ] [ HEADER ] array (
  'cookie' => 'pgv_pvi=4240663552',
  'accept-language' => 'zh-CN,zh;q=0.9',
  'accept-encoding' => 'gzip, deflate',
  'accept' => 'text/html,application/xhtml+xml,application/xml;q=0.9,image/webp,image/apng,*/*;q=0.8',
  'user-agent' => 'Mozilla/5.0 (Windows NT 10.0; WOW64) AppleWebKit/537.36 (KHTML, like Gecko) Chrome/63.0.3239.132 Safari/537.36',
  'upgrade-insecure-requests' => '1',
  'cache-control' => 'max-age=0',
  'connection' => 'close',
  'host' => 'www.bjtc.com',
)
[ info ] [ PARAM ] array (
)
[ info ] [ VIEW ] D:\WWW\bjtc\application\index\view\index\index.html [ array (
) ]
---------------------------------------------------------------
[2019-02-02T11:08:35+08:00] 127.0.0.1 GET www.bjtc.com/
[运行时间：0.035077s] [吞吐率：28.51req/s] [内存消耗：1,461.60kb] [文件加载：62]
[ info ] [ LANG ] D:\WWW\bjtc\thinkphp\lang\zh-cn.php
[ info ] [ ROUTE ] array (
)
[ info ] [ HEADER ] array (
  'cookie' => 'pgv_pvi=4240663552',
  'accept-language' => 'zh-CN,zh;q=0.9',
  'accept-encoding' => 'gzip, deflate',
  'accept' => 'text/html,application/xhtml+xml,application/xml;q=0.9,image/webp,image/apng,*/*;q=0.8',
  'user-agent' => 'Mozilla/5.0 (Windows NT 10.0; WOW64) AppleWebKit/537.36 (KHTML, like Gecko) Chrome/63.0.3239.132 Safari/537.36',
  'upgrade-insecure-requests' => '1',
  'cache-control' => 'max-age=0',
  'connection' => 'close',
  'host' => 'www.bjtc.com',
)
[ info ] [ PARAM ] array (
)
[ info ] [ VIEW ] D:\WWW\bjtc\application\index\view\index\index.html [ array (
) ]
---------------------------------------------------------------
[2019-02-02T11:08:36+08:00] 127.0.0.1 GET www.bjtc.com/
[运行时间：0.036049s] [吞吐率：27.74req/s] [内存消耗：1,461.60kb] [文件加载：62]
[ info ] [ LANG ] D:\WWW\bjtc\thinkphp\lang\zh-cn.php
[ info ] [ ROUTE ] array (
)
[ info ] [ HEADER ] array (
  'cookie' => 'pgv_pvi=4240663552',
  'accept-language' => 'zh-CN,zh;q=0.9',
  'accept-encoding' => 'gzip, deflate',
  'accept' => 'text/html,application/xhtml+xml,application/xml;q=0.9,image/webp,image/apng,*/*;q=0.8',
  'user-agent' => 'Mozilla/5.0 (Windows NT 10.0; WOW64) AppleWebKit/537.36 (KHTML, like Gecko) Chrome/63.0.3239.132 Safari/537.36',
  'upgrade-insecure-requests' => '1',
  'cache-control' => 'max-age=0',
  'connection' => 'close',
  'host' => 'www.bjtc.com',
)
[ info ] [ PARAM ] array (
)
[ info ] [ VIEW ] D:\WWW\bjtc\application\index\view\index\index.html [ array (
) ]
---------------------------------------------------------------
[2019-02-02T11:08:36+08:00] 127.0.0.1 GET www.bjtc.com/
[运行时间：0.034799s] [吞吐率：28.74req/s] [内存消耗：1,461.60kb] [文件加载：62]
[ info ] [ LANG ] D:\WWW\bjtc\thinkphp\lang\zh-cn.php
[ info ] [ ROUTE ] array (
)
[ info ] [ HEADER ] array (
  'cookie' => 'pgv_pvi=4240663552',
  'accept-language' => 'zh-CN,zh;q=0.9',
  'accept-encoding' => 'gzip, deflate',
  'accept' => 'text/html,application/xhtml+xml,application/xml;q=0.9,image/webp,image/apng,*/*;q=0.8',
  'user-agent' => 'Mozilla/5.0 (Windows NT 10.0; WOW64) AppleWebKit/537.36 (KHTML, like Gecko) Chrome/63.0.3239.132 Safari/537.36',
  'upgrade-insecure-requests' => '1',
  'cache-control' => 'max-age=0',
  'connection' => 'close',
  'host' => 'www.bjtc.com',
)
[ info ] [ PARAM ] array (
)
[ info ] [ VIEW ] D:\WWW\bjtc\application\index\view\index\index.html [ array (
) ]
---------------------------------------------------------------
[2019-02-02T11:08:39+08:00] 127.0.0.1 GET www.bjtc.com/
[运行时间：0.034650s] [吞吐率：28.86req/s] [内存消耗：1,461.60kb] [文件加载：62]
[ info ] [ LANG ] D:\WWW\bjtc\thinkphp\lang\zh-cn.php
[ info ] [ ROUTE ] array (
)
[ info ] [ HEADER ] array (
  'cookie' => 'pgv_pvi=4240663552',
  'accept-language' => 'zh-CN,zh;q=0.9',
  'accept-encoding' => 'gzip, deflate',
  'accept' => 'text/html,application/xhtml+xml,application/xml;q=0.9,image/webp,image/apng,*/*;q=0.8',
  'user-agent' => 'Mozilla/5.0 (Windows NT 10.0; WOW64) AppleWebKit/537.36 (KHTML, like Gecko) Chrome/63.0.3239.132 Safari/537.36',
  'upgrade-insecure-requests' => '1',
  'cache-control' => 'max-age=0',
  'connection' => 'close',
  'host' => 'www.bjtc.com',
)
[ info ] [ PARAM ] array (
)
[ info ] [ VIEW ] D:\WWW\bjtc\application\index\view\index\index.html [ array (
) ]
---------------------------------------------------------------
[2019-02-02T11:08:39+08:00] 127.0.0.1 GET www.bjtc.com/
[运行时间：0.035467s] [吞吐率：28.20req/s] [内存消耗：1,461.60kb] [文件加载：62]
[ info ] [ LANG ] D:\WWW\bjtc\thinkphp\lang\zh-cn.php
[ info ] [ ROUTE ] array (
)
[ info ] [ HEADER ] array (
  'cookie' => 'pgv_pvi=4240663552',
  'accept-language' => 'zh-CN,zh;q=0.9',
  'accept-encoding' => 'gzip, deflate',
  'accept' => 'text/html,application/xhtml+xml,application/xml;q=0.9,image/webp,image/apng,*/*;q=0.8',
  'user-agent' => 'Mozilla/5.0 (Windows NT 10.0; WOW64) AppleWebKit/537.36 (KHTML, like Gecko) Chrome/63.0.3239.132 Safari/537.36',
  'upgrade-insecure-requests' => '1',
  'cache-control' => 'max-age=0',
  'connection' => 'close',
  'host' => 'www.bjtc.com',
)
[ info ] [ PARAM ] array (
)
[ info ] [ VIEW ] D:\WWW\bjtc\application\index\view\index\index.html [ array (
) ]
---------------------------------------------------------------
[2019-02-02T11:08:52+08:00] 127.0.0.1 GET www.bjtc.com/index/Index/index
[运行时间：0.035269s] [吞吐率：28.35req/s] [内存消耗：1,461.91kb] [文件加载：62]
[ info ] [ LANG ] D:\WWW\bjtc\thinkphp\lang\zh-cn.php
[ info ] [ ROUTE ] array (
)
[ info ] [ HEADER ] array (
  'cookie' => 'pgv_pvi=4240663552',
  'accept-language' => 'zh-CN,zh;q=0.9',
  'accept-encoding' => 'gzip, deflate',
  'accept' => 'text/html,application/xhtml+xml,application/xml;q=0.9,image/webp,image/apng,*/*;q=0.8',
  'user-agent' => 'Mozilla/5.0 (Windows NT 10.0; WOW64) AppleWebKit/537.36 (KHTML, like Gecko) Chrome/63.0.3239.132 Safari/537.36',
  'upgrade-insecure-requests' => '1',
  'connection' => 'close',
  'host' => 'www.bjtc.com',
)
[ info ] [ PARAM ] array (
  '/index/Index/index' => '',
)
[ info ] [ VIEW ] D:\WWW\bjtc\application\index\view\index\index.html [ array (
) ]
---------------------------------------------------------------
[2019-02-02T11:08:52+08:00] 127.0.0.1 GET www.bjtc.com/index/Index/index
[运行时间：0.037327s] [吞吐率：26.79req/s] [内存消耗：1,462.13kb] [文件加载：62]
[ info ] [ LANG ] D:\WWW\bjtc\thinkphp\lang\zh-cn.php
[ info ] [ ROUTE ] array (
)
[ info ] [ HEADER ] array (
  'cookie' => 'pgv_pvi=4240663552',
  'accept-language' => 'zh-CN,zh;q=0.9',
  'accept-encoding' => 'gzip, deflate',
  'accept' => 'text/html,application/xhtml+xml,application/xml;q=0.9,image/webp,image/apng,*/*;q=0.8',
  'user-agent' => 'Mozilla/5.0 (Windows NT 10.0; WOW64) AppleWebKit/537.36 (KHTML, like Gecko) Chrome/63.0.3239.132 Safari/537.36',
  'upgrade-insecure-requests' => '1',
  'cache-control' => 'max-age=0',
  'connection' => 'close',
  'host' => 'www.bjtc.com',
)
[ info ] [ PARAM ] array (
  '/index/Index/index' => '',
)
[ info ] [ VIEW ] D:\WWW\bjtc\application\index\view\index\index.html [ array (
) ]
---------------------------------------------------------------
[2019-02-02T11:13:32+08:00] 127.0.0.1 GET www.bjtc.com/index/Index/index
[运行时间：0.043701s] [吞吐率：22.88req/s] [内存消耗：1,578.13kb] [文件加载：64]
[ info ] [ LANG ] D:\WWW\bjtc\thinkphp\lang\zh-cn.php
[ info ] [ ROUTE ] array (
)
[ info ] [ HEADER ] array (
  'cookie' => 'pgv_pvi=4240663552',
  'accept-language' => 'zh-CN,zh;q=0.9',
  'accept-encoding' => 'gzip, deflate',
  'accept' => 'text/html,application/xhtml+xml,application/xml;q=0.9,image/webp,image/apng,*/*;q=0.8',
  'user-agent' => 'Mozilla/5.0 (Windows NT 10.0; WOW64) AppleWebKit/537.36 (KHTML, like Gecko) Chrome/63.0.3239.132 Safari/537.36',
  'upgrade-insecure-requests' => '1',
  'cache-control' => 'max-age=0',
  'connection' => 'close',
  'host' => 'www.bjtc.com',
)
[ info ] [ PARAM ] array (
  '/index/Index/index' => '',
)
[ info ] [ VIEW ] D:\WWW\bjtc\application\index\view\index\index.html [ array (
) ]
---------------------------------------------------------------
[2019-02-02T11:13:33+08:00] 127.0.0.1 GET www.bjtc.com/index/Index/index
[运行时间：0.033097s] [吞吐率：30.21req/s] [内存消耗：1,462.13kb] [文件加载：62]
[ info ] [ LANG ] D:\WWW\bjtc\thinkphp\lang\zh-cn.php
[ info ] [ ROUTE ] array (
)
[ info ] [ HEADER ] array (
  'cookie' => 'pgv_pvi=4240663552',
  'accept-language' => 'zh-CN,zh;q=0.9',
  'accept-encoding' => 'gzip, deflate',
  'accept' => 'text/html,application/xhtml+xml,application/xml;q=0.9,image/webp,image/apng,*/*;q=0.8',
  'user-agent' => 'Mozilla/5.0 (Windows NT 10.0; WOW64) AppleWebKit/537.36 (KHTML, like Gecko) Chrome/63.0.3239.132 Safari/537.36',
  'upgrade-insecure-requests' => '1',
  'cache-control' => 'max-age=0',
  'connection' => 'close',
  'host' => 'www.bjtc.com',
)
[ info ] [ PARAM ] array (
  '/index/Index/index' => '',
)
[ info ] [ VIEW ] D:\WWW\bjtc\application\index\view\index\index.html [ array (
) ]
---------------------------------------------------------------
[2019-02-02T11:13:34+08:00] 127.0.0.1 GET www.bjtc.com/index/Index/index
[运行时间：0.041906s] [吞吐率：23.86req/s] [内存消耗：1,462.13kb] [文件加载：62]
[ info ] [ LANG ] D:\WWW\bjtc\thinkphp\lang\zh-cn.php
[ info ] [ ROUTE ] array (
)
[ info ] [ HEADER ] array (
  'cookie' => 'pgv_pvi=4240663552',
  'accept-language' => 'zh-CN,zh;q=0.9',
  'accept-encoding' => 'gzip, deflate',
  'accept' => 'text/html,application/xhtml+xml,application/xml;q=0.9,image/webp,image/apng,*/*;q=0.8',
  'user-agent' => 'Mozilla/5.0 (Windows NT 10.0; WOW64) AppleWebKit/537.36 (KHTML, like Gecko) Chrome/63.0.3239.132 Safari/537.36',
  'upgrade-insecure-requests' => '1',
  'cache-control' => 'max-age=0',
  'connection' => 'close',
  'host' => 'www.bjtc.com',
)
[ info ] [ PARAM ] array (
  '/index/Index/index' => '',
)
[ info ] [ VIEW ] D:\WWW\bjtc\application\index\view\index\index.html [ array (
) ]
---------------------------------------------------------------
[2019-02-02T11:13:34+08:00] 127.0.0.1 GET www.bjtc.com/index/Index/index
[运行时间：0.036190s] [吞吐率：27.63req/s] [内存消耗：1,462.13kb] [文件加载：62]
[ info ] [ LANG ] D:\WWW\bjtc\thinkphp\lang\zh-cn.php
[ info ] [ ROUTE ] array (
)
[ info ] [ HEADER ] array (
  'cookie' => 'pgv_pvi=4240663552',
  'accept-language' => 'zh-CN,zh;q=0.9',
  'accept-encoding' => 'gzip, deflate',
  'accept' => 'text/html,application/xhtml+xml,application/xml;q=0.9,image/webp,image/apng,*/*;q=0.8',
  'user-agent' => 'Mozilla/5.0 (Windows NT 10.0; WOW64) AppleWebKit/537.36 (KHTML, like Gecko) Chrome/63.0.3239.132 Safari/537.36',
  'upgrade-insecure-requests' => '1',
  'cache-control' => 'max-age=0',
  'connection' => 'close',
  'host' => 'www.bjtc.com',
)
[ info ] [ PARAM ] array (
  '/index/Index/index' => '',
)
[ info ] [ VIEW ] D:\WWW\bjtc\application\index\view\index\index.html [ array (
) ]
---------------------------------------------------------------
[2019-02-02T11:13:34+08:00] 127.0.0.1 GET www.bjtc.com/index/Index/index
[运行时间：0.035421s] [吞吐率：28.23req/s] [内存消耗：1,462.13kb] [文件加载：62]
[ info ] [ LANG ] D:\WWW\bjtc\thinkphp\lang\zh-cn.php
[ info ] [ ROUTE ] array (
)
[ info ] [ HEADER ] array (
  'cookie' => 'pgv_pvi=4240663552',
  'accept-language' => 'zh-CN,zh;q=0.9',
  'accept-encoding' => 'gzip, deflate',
  'accept' => 'text/html,application/xhtml+xml,application/xml;q=0.9,image/webp,image/apng,*/*;q=0.8',
  'user-agent' => 'Mozilla/5.0 (Windows NT 10.0; WOW64) AppleWebKit/537.36 (KHTML, like Gecko) Chrome/63.0.3239.132 Safari/537.36',
  'upgrade-insecure-requests' => '1',
  'cache-control' => 'max-age=0',
  'connection' => 'close',
  'host' => 'www.bjtc.com',
)
[ info ] [ PARAM ] array (
  '/index/Index/index' => '',
)
[ info ] [ VIEW ] D:\WWW\bjtc\application\index\view\index\index.html [ array (
) ]
---------------------------------------------------------------
[2019-02-02T11:13:34+08:00] 127.0.0.1 GET www.bjtc.com/index/Index/index
[运行时间：0.038553s] [吞吐率：25.94req/s] [内存消耗：1,462.13kb] [文件加载：62]
[ info ] [ LANG ] D:\WWW\bjtc\thinkphp\lang\zh-cn.php
[ info ] [ ROUTE ] array (
)
[ info ] [ HEADER ] array (
  'cookie' => 'pgv_pvi=4240663552',
  'accept-language' => 'zh-CN,zh;q=0.9',
  'accept-encoding' => 'gzip, deflate',
  'accept' => 'text/html,application/xhtml+xml,application/xml;q=0.9,image/webp,image/apng,*/*;q=0.8',
  'user-agent' => 'Mozilla/5.0 (Windows NT 10.0; WOW64) AppleWebKit/537.36 (KHTML, like Gecko) Chrome/63.0.3239.132 Safari/537.36',
  'upgrade-insecure-requests' => '1',
  'cache-control' => 'max-age=0',
  'connection' => 'close',
  'host' => 'www.bjtc.com',
)
[ info ] [ PARAM ] array (
  '/index/Index/index' => '',
)
[ info ] [ VIEW ] D:\WWW\bjtc\application\index\view\index\index.html [ array (
) ]
---------------------------------------------------------------
[2019-02-02T11:13:36+08:00] 127.0.0.1 GET www.bjtc.com/index/Index/index
[运行时间：0.033427s] [吞吐率：29.92req/s] [内存消耗：1,462.13kb] [文件加载：62]
[ info ] [ LANG ] D:\WWW\bjtc\thinkphp\lang\zh-cn.php
[ info ] [ ROUTE ] array (
)
[ info ] [ HEADER ] array (
  'cookie' => 'pgv_pvi=4240663552',
  'accept-language' => 'zh-CN,zh;q=0.9',
  'accept-encoding' => 'gzip, deflate',
  'accept' => 'text/html,application/xhtml+xml,application/xml;q=0.9,image/webp,image/apng,*/*;q=0.8',
  'user-agent' => 'Mozilla/5.0 (Windows NT 10.0; WOW64) AppleWebKit/537.36 (KHTML, like Gecko) Chrome/63.0.3239.132 Safari/537.36',
  'upgrade-insecure-requests' => '1',
  'cache-control' => 'max-age=0',
  'connection' => 'close',
  'host' => 'www.bjtc.com',
)
[ info ] [ PARAM ] array (
  '/index/Index/index' => '',
)
[ info ] [ VIEW ] D:\WWW\bjtc\application\index\view\index\index.html [ array (
) ]
---------------------------------------------------------------
[2019-02-02T11:13:37+08:00] 127.0.0.1 GET www.bjtc.com/index/Index/index
[运行时间：0.034745s] [吞吐率：28.78req/s] [内存消耗：1,462.13kb] [文件加载：62]
[ info ] [ LANG ] D:\WWW\bjtc\thinkphp\lang\zh-cn.php
[ info ] [ ROUTE ] array (
)
[ info ] [ HEADER ] array (
  'cookie' => 'pgv_pvi=4240663552',
  'accept-language' => 'zh-CN,zh;q=0.9',
  'accept-encoding' => 'gzip, deflate',
  'accept' => 'text/html,application/xhtml+xml,application/xml;q=0.9,image/webp,image/apng,*/*;q=0.8',
  'user-agent' => 'Mozilla/5.0 (Windows NT 10.0; WOW64) AppleWebKit/537.36 (KHTML, like Gecko) Chrome/63.0.3239.132 Safari/537.36',
  'upgrade-insecure-requests' => '1',
  'cache-control' => 'max-age=0',
  'connection' => 'close',
  'host' => 'www.bjtc.com',
)
[ info ] [ PARAM ] array (
  '/index/Index/index' => '',
)
[ info ] [ VIEW ] D:\WWW\bjtc\application\index\view\index\index.html [ array (
) ]
---------------------------------------------------------------
[2019-02-02T11:14:05+08:00] 127.0.0.1 GET www.bjtc.com/index/Index/index
[运行时间：0.036968s] [吞吐率：27.05req/s] [内存消耗：1,578.13kb] [文件加载：64]
[ info ] [ LANG ] D:\WWW\bjtc\thinkphp\lang\zh-cn.php
[ info ] [ ROUTE ] array (
)
[ info ] [ HEADER ] array (
  'cookie' => 'pgv_pvi=4240663552',
  'accept-language' => 'zh-CN,zh;q=0.9',
  'accept-encoding' => 'gzip, deflate',
  'accept' => 'text/html,application/xhtml+xml,application/xml;q=0.9,image/webp,image/apng,*/*;q=0.8',
  'user-agent' => 'Mozilla/5.0 (Windows NT 10.0; WOW64) AppleWebKit/537.36 (KHTML, like Gecko) Chrome/63.0.3239.132 Safari/537.36',
  'upgrade-insecure-requests' => '1',
  'cache-control' => 'max-age=0',
  'connection' => 'close',
  'host' => 'www.bjtc.com',
)
[ info ] [ PARAM ] array (
  '/index/Index/index' => '',
)
[ info ] [ VIEW ] D:\WWW\bjtc\application\index\view\index\index.html [ array (
) ]
---------------------------------------------------------------
[2019-02-02T11:14:05+08:00] 127.0.0.1 GET www.bjtc.com/index/Index/index
[运行时间：0.034008s] [吞吐率：29.40req/s] [内存消耗：1,462.13kb] [文件加载：62]
[ info ] [ LANG ] D:\WWW\bjtc\thinkphp\lang\zh-cn.php
[ info ] [ ROUTE ] array (
)
[ info ] [ HEADER ] array (
  'cookie' => 'pgv_pvi=4240663552',
  'accept-language' => 'zh-CN,zh;q=0.9',
  'accept-encoding' => 'gzip, deflate',
  'accept' => 'text/html,application/xhtml+xml,application/xml;q=0.9,image/webp,image/apng,*/*;q=0.8',
  'user-agent' => 'Mozilla/5.0 (Windows NT 10.0; WOW64) AppleWebKit/537.36 (KHTML, like Gecko) Chrome/63.0.3239.132 Safari/537.36',
  'upgrade-insecure-requests' => '1',
  'cache-control' => 'max-age=0',
  'connection' => 'close',
  'host' => 'www.bjtc.com',
)
[ info ] [ PARAM ] array (
  '/index/Index/index' => '',
)
[ info ] [ VIEW ] D:\WWW\bjtc\application\index\view\index\index.html [ array (
) ]
---------------------------------------------------------------
[2019-02-02T11:14:06+08:00] 127.0.0.1 GET www.bjtc.com/index/Index/index
[运行时间：0.034139s] [吞吐率：29.29req/s] [内存消耗：1,462.13kb] [文件加载：62]
[ info ] [ LANG ] D:\WWW\bjtc\thinkphp\lang\zh-cn.php
[ info ] [ ROUTE ] array (
)
[ info ] [ HEADER ] array (
  'cookie' => 'pgv_pvi=4240663552',
  'accept-language' => 'zh-CN,zh;q=0.9',
  'accept-encoding' => 'gzip, deflate',
  'accept' => 'text/html,application/xhtml+xml,application/xml;q=0.9,image/webp,image/apng,*/*;q=0.8',
  'user-agent' => 'Mozilla/5.0 (Windows NT 10.0; WOW64) AppleWebKit/537.36 (KHTML, like Gecko) Chrome/63.0.3239.132 Safari/537.36',
  'upgrade-insecure-requests' => '1',
  'cache-control' => 'max-age=0',
  'connection' => 'close',
  'host' => 'www.bjtc.com',
)
[ info ] [ PARAM ] array (
  '/index/Index/index' => '',
)
[ info ] [ VIEW ] D:\WWW\bjtc\application\index\view\index\index.html [ array (
) ]
---------------------------------------------------------------
[2019-02-02T11:14:06+08:00] 127.0.0.1 GET www.bjtc.com/index/Index/index
[运行时间：0.035800s] [吞吐率：27.93req/s] [内存消耗：1,462.13kb] [文件加载：62]
[ info ] [ LANG ] D:\WWW\bjtc\thinkphp\lang\zh-cn.php
[ info ] [ ROUTE ] array (
)
[ info ] [ HEADER ] array (
  'cookie' => 'pgv_pvi=4240663552',
  'accept-language' => 'zh-CN,zh;q=0.9',
  'accept-encoding' => 'gzip, deflate',
  'accept' => 'text/html,application/xhtml+xml,application/xml;q=0.9,image/webp,image/apng,*/*;q=0.8',
  'user-agent' => 'Mozilla/5.0 (Windows NT 10.0; WOW64) AppleWebKit/537.36 (KHTML, like Gecko) Chrome/63.0.3239.132 Safari/537.36',
  'upgrade-insecure-requests' => '1',
  'cache-control' => 'max-age=0',
  'connection' => 'close',
  'host' => 'www.bjtc.com',
)
[ info ] [ PARAM ] array (
  '/index/Index/index' => '',
)
[ info ] [ VIEW ] D:\WWW\bjtc\application\index\view\index\index.html [ array (
) ]
---------------------------------------------------------------
[2019-02-02T11:14:06+08:00] 127.0.0.1 GET www.bjtc.com/index/Index/index
[运行时间：0.032946s] [吞吐率：30.35req/s] [内存消耗：1,462.13kb] [文件加载：62]
[ info ] [ LANG ] D:\WWW\bjtc\thinkphp\lang\zh-cn.php
[ info ] [ ROUTE ] array (
)
[ info ] [ HEADER ] array (
  'cookie' => 'pgv_pvi=4240663552',
  'accept-language' => 'zh-CN,zh;q=0.9',
  'accept-encoding' => 'gzip, deflate',
  'accept' => 'text/html,application/xhtml+xml,application/xml;q=0.9,image/webp,image/apng,*/*;q=0.8',
  'user-agent' => 'Mozilla/5.0 (Windows NT 10.0; WOW64) AppleWebKit/537.36 (KHTML, like Gecko) Chrome/63.0.3239.132 Safari/537.36',
  'upgrade-insecure-requests' => '1',
  'cache-control' => 'max-age=0',
  'connection' => 'close',
  'host' => 'www.bjtc.com',
)
[ info ] [ PARAM ] array (
  '/index/Index/index' => '',
)
[ info ] [ VIEW ] D:\WWW\bjtc\application\index\view\index\index.html [ array (
) ]
---------------------------------------------------------------
[2019-02-02T11:14:06+08:00] 127.0.0.1 GET www.bjtc.com/index/Index/index
[运行时间：0.034847s] [吞吐率：28.70req/s] [内存消耗：1,462.13kb] [文件加载：62]
[ info ] [ LANG ] D:\WWW\bjtc\thinkphp\lang\zh-cn.php
[ info ] [ ROUTE ] array (
)
[ info ] [ HEADER ] array (
  'cookie' => 'pgv_pvi=4240663552',
  'accept-language' => 'zh-CN,zh;q=0.9',
  'accept-encoding' => 'gzip, deflate',
  'accept' => 'text/html,application/xhtml+xml,application/xml;q=0.9,image/webp,image/apng,*/*;q=0.8',
  'user-agent' => 'Mozilla/5.0 (Windows NT 10.0; WOW64) AppleWebKit/537.36 (KHTML, like Gecko) Chrome/63.0.3239.132 Safari/537.36',
  'upgrade-insecure-requests' => '1',
  'cache-control' => 'max-age=0',
  'connection' => 'close',
  'host' => 'www.bjtc.com',
)
[ info ] [ PARAM ] array (
  '/index/Index/index' => '',
)
[ info ] [ VIEW ] D:\WWW\bjtc\application\index\view\index\index.html [ array (
) ]
---------------------------------------------------------------
[2019-02-02T11:14:07+08:00] 127.0.0.1 GET www.bjtc.com/index/Index/index
[运行时间：0.035741s] [吞吐率：27.98req/s] [内存消耗：1,462.13kb] [文件加载：62]
[ info ] [ LANG ] D:\WWW\bjtc\thinkphp\lang\zh-cn.php
[ info ] [ ROUTE ] array (
)
[ info ] [ HEADER ] array (
  'cookie' => 'pgv_pvi=4240663552',
  'accept-language' => 'zh-CN,zh;q=0.9',
  'accept-encoding' => 'gzip, deflate',
  'accept' => 'text/html,application/xhtml+xml,application/xml;q=0.9,image/webp,image/apng,*/*;q=0.8',
  'user-agent' => 'Mozilla/5.0 (Windows NT 10.0; WOW64) AppleWebKit/537.36 (KHTML, like Gecko) Chrome/63.0.3239.132 Safari/537.36',
  'upgrade-insecure-requests' => '1',
  'cache-control' => 'max-age=0',
  'connection' => 'close',
  'host' => 'www.bjtc.com',
)
[ info ] [ PARAM ] array (
  '/index/Index/index' => '',
)
[ info ] [ VIEW ] D:\WWW\bjtc\application\index\view\index\index.html [ array (
) ]
---------------------------------------------------------------
[2019-02-02T11:14:10+08:00] 127.0.0.1 GET www.bjtc.com/index/Index/index
[运行时间：0.034360s] [吞吐率：29.10req/s] [内存消耗：1,462.13kb] [文件加载：62]
[ info ] [ LANG ] D:\WWW\bjtc\thinkphp\lang\zh-cn.php
[ info ] [ ROUTE ] array (
)
[ info ] [ HEADER ] array (
  'cookie' => 'pgv_pvi=4240663552',
  'accept-language' => 'zh-CN,zh;q=0.9',
  'accept-encoding' => 'gzip, deflate',
  'accept' => 'text/html,application/xhtml+xml,application/xml;q=0.9,image/webp,image/apng,*/*;q=0.8',
  'user-agent' => 'Mozilla/5.0 (Windows NT 10.0; WOW64) AppleWebKit/537.36 (KHTML, like Gecko) Chrome/63.0.3239.132 Safari/537.36',
  'upgrade-insecure-requests' => '1',
  'cache-control' => 'max-age=0',
  'connection' => 'close',
  'host' => 'www.bjtc.com',
)
[ info ] [ PARAM ] array (
  '/index/Index/index' => '',
)
[ info ] [ VIEW ] D:\WWW\bjtc\application\index\view\index\index.html [ array (
) ]
---------------------------------------------------------------
[2019-02-02T11:14:13+08:00] 127.0.0.1 GET www.bjtc.com/
[运行时间：0.034220s] [吞吐率：29.22req/s] [内存消耗：1,461.38kb] [文件加载：62]
[ info ] [ LANG ] D:\WWW\bjtc\thinkphp\lang\zh-cn.php
[ info ] [ ROUTE ] array (
)
[ info ] [ HEADER ] array (
  'cookie' => 'pgv_pvi=4240663552',
  'accept-language' => 'zh-CN,zh;q=0.9',
  'accept-encoding' => 'gzip, deflate',
  'accept' => 'text/html,application/xhtml+xml,application/xml;q=0.9,image/webp,image/apng,*/*;q=0.8',
  'user-agent' => 'Mozilla/5.0 (Windows NT 10.0; WOW64) AppleWebKit/537.36 (KHTML, like Gecko) Chrome/63.0.3239.132 Safari/537.36',
  'upgrade-insecure-requests' => '1',
  'connection' => 'close',
  'host' => 'www.bjtc.com',
)
[ info ] [ PARAM ] array (
)
[ info ] [ VIEW ] D:\WWW\bjtc\application\index\view\index\index.html [ array (
) ]
---------------------------------------------------------------
[2019-02-02T11:14:13+08:00] 127.0.0.1 GET www.bjtc.com/
[运行时间：0.036575s] [吞吐率：27.34req/s] [内存消耗：1,461.59kb] [文件加载：62]
[ info ] [ LANG ] D:\WWW\bjtc\thinkphp\lang\zh-cn.php
[ info ] [ ROUTE ] array (
)
[ info ] [ HEADER ] array (
  'cookie' => 'pgv_pvi=4240663552',
  'accept-language' => 'zh-CN,zh;q=0.9',
  'accept-encoding' => 'gzip, deflate',
  'accept' => 'text/html,application/xhtml+xml,application/xml;q=0.9,image/webp,image/apng,*/*;q=0.8',
  'user-agent' => 'Mozilla/5.0 (Windows NT 10.0; WOW64) AppleWebKit/537.36 (KHTML, like Gecko) Chrome/63.0.3239.132 Safari/537.36',
  'upgrade-insecure-requests' => '1',
  'cache-control' => 'max-age=0',
  'connection' => 'close',
  'host' => 'www.bjtc.com',
)
[ info ] [ PARAM ] array (
)
[ info ] [ VIEW ] D:\WWW\bjtc\application\index\view\index\index.html [ array (
) ]
---------------------------------------------------------------
[2019-02-02T11:14:29+08:00] 127.0.0.1 GET www.bjtc.com/
[运行时间：0.035187s] [吞吐率：28.42req/s] [内存消耗：1,489.60kb] [文件加载：63]
[ info ] [ LANG ] D:\WWW\bjtc\thinkphp\lang\zh-cn.php
[ info ] [ ROUTE ] array (
)
[ info ] [ HEADER ] array (
  'cookie' => 'pgv_pvi=4240663552',
  'accept-language' => 'zh-CN,zh;q=0.9',
  'accept-encoding' => 'gzip, deflate',
  'accept' => 'text/html,application/xhtml+xml,application/xml;q=0.9,image/webp,image/apng,*/*;q=0.8',
  'user-agent' => 'Mozilla/5.0 (Windows NT 10.0; WOW64) AppleWebKit/537.36 (KHTML, like Gecko) Chrome/63.0.3239.132 Safari/537.36',
  'upgrade-insecure-requests' => '1',
  'cache-control' => 'max-age=0',
  'connection' => 'close',
  'host' => 'www.bjtc.com',
)
[ info ] [ PARAM ] array (
)
[ info ] [ VIEW ] D:\WWW\bjtc\application\index\view\index\index.html [ array (
) ]
---------------------------------------------------------------
[2019-02-02T11:14:30+08:00] 127.0.0.1 GET www.bjtc.com/
[运行时间：0.035387s] [吞吐率：28.26req/s] [内存消耗：1,489.60kb] [文件加载：63]
[ info ] [ LANG ] D:\WWW\bjtc\thinkphp\lang\zh-cn.php
[ info ] [ ROUTE ] array (
)
[ info ] [ HEADER ] array (
  'cookie' => 'pgv_pvi=4240663552',
  'accept-language' => 'zh-CN,zh;q=0.9',
  'accept-encoding' => 'gzip, deflate',
  'accept' => 'text/html,application/xhtml+xml,application/xml;q=0.9,image/webp,image/apng,*/*;q=0.8',
  'user-agent' => 'Mozilla/5.0 (Windows NT 10.0; WOW64) AppleWebKit/537.36 (KHTML, like Gecko) Chrome/63.0.3239.132 Safari/537.36',
  'upgrade-insecure-requests' => '1',
  'cache-control' => 'max-age=0',
  'connection' => 'close',
  'host' => 'www.bjtc.com',
)
[ info ] [ PARAM ] array (
)
[ info ] [ VIEW ] D:\WWW\bjtc\application\index\view\index\index.html [ array (
) ]
---------------------------------------------------------------
[2019-02-02T11:14:31+08:00] 127.0.0.1 GET www.bjtc.com/
[运行时间：0.034973s] [吞吐率：28.59req/s] [内存消耗：1,489.60kb] [文件加载：63]
[ info ] [ LANG ] D:\WWW\bjtc\thinkphp\lang\zh-cn.php
[ info ] [ ROUTE ] array (
)
[ info ] [ HEADER ] array (
  'cookie' => 'pgv_pvi=4240663552',
  'accept-language' => 'zh-CN,zh;q=0.9',
  'accept-encoding' => 'gzip, deflate',
  'accept' => 'text/html,application/xhtml+xml,application/xml;q=0.9,image/webp,image/apng,*/*;q=0.8',
  'user-agent' => 'Mozilla/5.0 (Windows NT 10.0; WOW64) AppleWebKit/537.36 (KHTML, like Gecko) Chrome/63.0.3239.132 Safari/537.36',
  'upgrade-insecure-requests' => '1',
  'cache-control' => 'max-age=0',
  'connection' => 'close',
  'host' => 'www.bjtc.com',
)
[ info ] [ PARAM ] array (
)
[ info ] [ VIEW ] D:\WWW\bjtc\application\index\view\index\index.html [ array (
) ]
---------------------------------------------------------------
[2019-02-02T11:14:45+08:00] 127.0.0.1 GET www.bjtc.com/
[运行时间：0.044245s] [吞吐率：22.60req/s] [内存消耗：1,606.66kb] [文件加载：65]
[ info ] [ LANG ] D:\WWW\bjtc\thinkphp\lang\zh-cn.php
[ info ] [ ROUTE ] array (
)
[ info ] [ HEADER ] array (
  'cookie' => 'pgv_pvi=4240663552',
  'accept-language' => 'zh-CN,zh;q=0.9',
  'accept-encoding' => 'gzip, deflate',
  'accept' => 'text/html,application/xhtml+xml,application/xml;q=0.9,image/webp,image/apng,*/*;q=0.8',
  'user-agent' => 'Mozilla/5.0 (Windows NT 10.0; WOW64) AppleWebKit/537.36 (KHTML, like Gecko) Chrome/63.0.3239.132 Safari/537.36',
  'upgrade-insecure-requests' => '1',
  'cache-control' => 'max-age=0',
  'connection' => 'close',
  'host' => 'www.bjtc.com',
)
[ info ] [ PARAM ] array (
)
[ info ] [ VIEW ] D:\WWW\bjtc\application\index\view\index\index.html [ array (
) ]
---------------------------------------------------------------
[2019-02-02T11:14:45+08:00] 127.0.0.1 GET www.bjtc.com/
[运行时间：0.035099s] [吞吐率：28.49req/s] [内存消耗：1,489.60kb] [文件加载：63]
[ info ] [ LANG ] D:\WWW\bjtc\thinkphp\lang\zh-cn.php
[ info ] [ ROUTE ] array (
)
[ info ] [ HEADER ] array (
  'cookie' => 'pgv_pvi=4240663552',
  'accept-language' => 'zh-CN,zh;q=0.9',
  'accept-encoding' => 'gzip, deflate',
  'accept' => 'text/html,application/xhtml+xml,application/xml;q=0.9,image/webp,image/apng,*/*;q=0.8',
  'user-agent' => 'Mozilla/5.0 (Windows NT 10.0; WOW64) AppleWebKit/537.36 (KHTML, like Gecko) Chrome/63.0.3239.132 Safari/537.36',
  'upgrade-insecure-requests' => '1',
  'cache-control' => 'max-age=0',
  'connection' => 'close',
  'host' => 'www.bjtc.com',
)
[ info ] [ PARAM ] array (
)
[ info ] [ VIEW ] D:\WWW\bjtc\application\index\view\index\index.html [ array (
) ]
---------------------------------------------------------------
[2019-02-02T11:14:46+08:00] 127.0.0.1 GET www.bjtc.com/
[运行时间：0.035040s] [吞吐率：28.54req/s] [内存消耗：1,489.60kb] [文件加载：63]
[ info ] [ LANG ] D:\WWW\bjtc\thinkphp\lang\zh-cn.php
[ info ] [ ROUTE ] array (
)
[ info ] [ HEADER ] array (
  'cookie' => 'pgv_pvi=4240663552',
  'accept-language' => 'zh-CN,zh;q=0.9',
  'accept-encoding' => 'gzip, deflate',
  'accept' => 'text/html,application/xhtml+xml,application/xml;q=0.9,image/webp,image/apng,*/*;q=0.8',
  'user-agent' => 'Mozilla/5.0 (Windows NT 10.0; WOW64) AppleWebKit/537.36 (KHTML, like Gecko) Chrome/63.0.3239.132 Safari/537.36',
  'upgrade-insecure-requests' => '1',
  'cache-control' => 'max-age=0',
  'connection' => 'close',
  'host' => 'www.bjtc.com',
)
[ info ] [ PARAM ] array (
)
[ info ] [ VIEW ] D:\WWW\bjtc\application\index\view\index\index.html [ array (
) ]
---------------------------------------------------------------
[2019-02-02T11:15:15+08:00] 127.0.0.1 GET www.bjtc.com/css/bootstrap.min.css.map
[运行时间：0.028167s] [吞吐率：35.50req/s] [内存消耗：1,123.85kb] [文件加载：52]
[ info ] [ LANG ] D:\WWW\bjtc\thinkphp\lang\zh-cn.php
---------------------------------------------------------------
[2019-02-02T11:15:32+08:00] 127.0.0.1 GET www.bjtc.com/css/bootstrap.min.css.map
[运行时间：0.028968s] [吞吐率：34.52req/s] [内存消耗：1,123.85kb] [文件加载：52]
[ info ] [ LANG ] D:\WWW\bjtc\thinkphp\lang\zh-cn.php
---------------------------------------------------------------
[2019-02-02T11:20:02+08:00] 127.0.0.1 GET www.bjtc.com/
[运行时间：0.045448s] [吞吐率：22.00req/s] [内存消耗：1,606.09kb] [文件加载：65]
[ info ] [ LANG ] D:\WWW\bjtc\thinkphp\lang\zh-cn.php
[ info ] [ ROUTE ] array (
)
[ info ] [ HEADER ] array (
  'cookie' => 'pgv_pvi=4240663552',
  'accept-language' => 'zh-CN,zh;q=0.9',
  'accept-encoding' => 'gzip, deflate',
  'accept' => 'text/html,application/xhtml+xml,application/xml;q=0.9,image/webp,image/apng,*/*;q=0.8',
  'user-agent' => 'Mozilla/5.0 (Windows NT 10.0; WOW64) AppleWebKit/537.36 (KHTML, like Gecko) Chrome/63.0.3239.132 Safari/537.36',
  'upgrade-insecure-requests' => '1',
  'cache-control' => 'max-age=0',
  'connection' => 'close',
  'host' => 'www.bjtc.com',
)
[ info ] [ PARAM ] array (
)
[ info ] [ VIEW ] D:\WWW\bjtc\application\index\view\index\index.html [ array (
) ]
---------------------------------------------------------------
[2019-02-02T11:20:02+08:00] 127.0.0.1 GET www.bjtc.com/css/bootstrap.min.css.map
[运行时间：0.038696s] [吞吐率：25.84req/s] [内存消耗：1,123.85kb] [文件加载：52]
[ info ] [ LANG ] D:\WWW\bjtc\thinkphp\lang\zh-cn.php
---------------------------------------------------------------
[2019-02-02T11:20:07+08:00] 127.0.0.1 GET www.bjtc.com/?
[运行时间：0.035819s] [吞吐率：27.92req/s] [内存消耗：1,489.63kb] [文件加载：63]
[ info ] [ LANG ] D:\WWW\bjtc\thinkphp\lang\zh-cn.php
[ info ] [ ROUTE ] array (
)
[ info ] [ HEADER ] array (
  'cookie' => 'pgv_pvi=4240663552',
  'accept-language' => 'zh-CN,zh;q=0.9',
  'accept-encoding' => 'gzip, deflate',
  'referer' => 'http://www.bjtc.com/',
  'accept' => 'text/html,application/xhtml+xml,application/xml;q=0.9,image/webp,image/apng,*/*;q=0.8',
  'user-agent' => 'Mozilla/5.0 (Windows NT 10.0; WOW64) AppleWebKit/537.36 (KHTML, like Gecko) Chrome/63.0.3239.132 Safari/537.36',
  'upgrade-insecure-requests' => '1',
  'connection' => 'close',
  'host' => 'www.bjtc.com',
)
[ info ] [ PARAM ] array (
)
[ info ] [ VIEW ] D:\WWW\bjtc\application\index\view\index\index.html [ array (
) ]
---------------------------------------------------------------
[2019-02-02T11:20:07+08:00] 127.0.0.1 GET www.bjtc.com/css/bootstrap.min.css.map
[运行时间：0.038425s] [吞吐率：26.02req/s] [内存消耗：1,123.85kb] [文件加载：52]
[ info ] [ LANG ] D:\WWW\bjtc\thinkphp\lang\zh-cn.php
---------------------------------------------------------------
[2019-02-02T11:20:09+08:00] 127.0.0.1 GET www.bjtc.com/?
[运行时间：0.035794s] [吞吐率：27.94req/s] [内存消耗：1,489.63kb] [文件加载：63]
[ info ] [ LANG ] D:\WWW\bjtc\thinkphp\lang\zh-cn.php
[ info ] [ ROUTE ] array (
)
[ info ] [ HEADER ] array (
  'cookie' => 'pgv_pvi=4240663552',
  'accept-language' => 'zh-CN,zh;q=0.9',
  'accept-encoding' => 'gzip, deflate',
  'referer' => 'http://www.bjtc.com/?',
  'accept' => 'text/html,application/xhtml+xml,application/xml;q=0.9,image/webp,image/apng,*/*;q=0.8',
  'user-agent' => 'Mozilla/5.0 (Windows NT 10.0; WOW64) AppleWebKit/537.36 (KHTML, like Gecko) Chrome/63.0.3239.132 Safari/537.36',
  'upgrade-insecure-requests' => '1',
  'connection' => 'close',
  'host' => 'www.bjtc.com',
)
[ info ] [ PARAM ] array (
)
[ info ] [ VIEW ] D:\WWW\bjtc\application\index\view\index\index.html [ array (
) ]
---------------------------------------------------------------
[2019-02-02T11:20:09+08:00] 127.0.0.1 GET www.bjtc.com/css/bootstrap.min.css.map
[运行时间：0.030591s] [吞吐率：32.69req/s] [内存消耗：1,123.85kb] [文件加载：52]
[ info ] [ LANG ] D:\WWW\bjtc\thinkphp\lang\zh-cn.php
---------------------------------------------------------------
[2019-02-02T11:20:11+08:00] 127.0.0.1 GET www.bjtc.com/?
[运行时间：0.034991s] [吞吐率：28.58req/s] [内存消耗：1,489.63kb] [文件加载：63]
[ info ] [ LANG ] D:\WWW\bjtc\thinkphp\lang\zh-cn.php
[ info ] [ ROUTE ] array (
)
[ info ] [ HEADER ] array (
  'cookie' => 'pgv_pvi=4240663552',
  'accept-language' => 'zh-CN,zh;q=0.9',
  'accept-encoding' => 'gzip, deflate',
  'referer' => 'http://www.bjtc.com/?',
  'accept' => 'text/html,application/xhtml+xml,application/xml;q=0.9,image/webp,image/apng,*/*;q=0.8',
  'user-agent' => 'Mozilla/5.0 (Windows NT 10.0; WOW64) AppleWebKit/537.36 (KHTML, like Gecko) Chrome/63.0.3239.132 Safari/537.36',
  'upgrade-insecure-requests' => '1',
  'connection' => 'close',
  'host' => 'www.bjtc.com',
)
[ info ] [ PARAM ] array (
)
[ info ] [ VIEW ] D:\WWW\bjtc\application\index\view\index\index.html [ array (
) ]
---------------------------------------------------------------
[2019-02-02T11:20:12+08:00] 127.0.0.1 GET www.bjtc.com/css/bootstrap.min.css.map
[运行时间：0.029075s] [吞吐率：34.39req/s] [内存消耗：1,123.85kb] [文件加载：52]
[ info ] [ LANG ] D:\WWW\bjtc\thinkphp\lang\zh-cn.php
---------------------------------------------------------------
[2019-02-02T13:48:35+08:00] 127.0.0.1 GET www.bjtc.com/
[运行时间：0.056331s] [吞吐率：17.75req/s] [内存消耗：1,613.17kb] [文件加载：65]
[ info ] [ LANG ] D:\WWW\bjtc\thinkphp\lang\zh-cn.php
[ info ] [ ROUTE ] array (
)
[ info ] [ HEADER ] array (
  'cookie' => 'pgv_pvi=3225287680',
  'accept-language' => 'zh-CN,zh;q=0.9',
  'accept-encoding' => 'gzip, deflate',
  'accept' => 'text/html,application/xhtml+xml,application/xml;q=0.9,image/webp,image/apng,*/*;q=0.8',
  'user-agent' => 'Mozilla/5.0 (Windows NT 10.0; Win64; x64) AppleWebKit/537.36 (KHTML, like Gecko) Chrome/71.0.3578.98 Safari/537.36',
  'upgrade-insecure-requests' => '1',
  'connection' => 'close',
  'host' => 'www.bjtc.com',
)
[ info ] [ PARAM ] array (
)
[ info ] [ VIEW ] D:\WWW\bjtc\application\index\view\index\index.html [ array (
) ]
---------------------------------------------------------------
[2019-02-02T13:48:35+08:00] 127.0.0.1 GET www.bjtc.com/images/cf_logo.png
[运行时间：0.039576s] [吞吐率：25.27req/s] [内存消耗：1,123.70kb] [文件加载：52]
[ info ] [ LANG ] D:\WWW\bjtc\thinkphp\lang\zh-cn.php
---------------------------------------------------------------
[2019-02-02T13:48:38+08:00] 127.0.0.1 GET www.bjtc.com/visual-inspector
[运行时间：0.028587s] [吞吐率：34.98req/s] [内存消耗：1,123.72kb] [文件加载：52]
[ info ] [ LANG ] D:\WWW\bjtc\thinkphp\lang\zh-cn.php
---------------------------------------------------------------
[2019-02-02T13:48:53+08:00] 127.0.0.1 GET www.bjtc.com/css/bootstrap.min.css.map
[运行时间：0.031349s] [吞吐率：31.90req/s] [内存消耗：1,123.81kb] [文件加载：52]
[ info ] [ LANG ] D:\WWW\bjtc\thinkphp\lang\zh-cn.php
