---------------------------------------------------------------
[2019-02-07T15:48:18+08:00] 127.0.0.1 GET www.bjtc.com/
[运行时间：0.072359s] [吞吐率：13.82req/s] [内存消耗：1,605.83kb] [文件加载：65]
[ info ] [ LANG ] D:\WWW\bjtc\thinkphp\lang\zh-cn.php
[ info ] [ ROUTE ] array (
)
[ info ] [ HEADER ] array (
  'cookie' => 'pgv_pvi=4240663552',
  'accept-language' => 'zh-CN,zh;q=0.9',
  'accept-encoding' => 'gzip, deflate',
  'accept' => 'text/html,application/xhtml+xml,application/xml;q=0.9,image/webp,image/apng,*/*;q=0.8',
  'user-agent' => 'Mozilla/5.0 (Windows NT 10.0; WOW64) AppleWebKit/537.36 (KHTML, like Gecko) Chrome/63.0.3239.132 Safari/537.36',
  'upgrade-insecure-requests' => '1',
  'connection' => 'close',
  'host' => 'www.bjtc.com',
)
[ info ] [ PARAM ] array (
)
[ info ] [ VIEW ] D:\WWW\bjtc\application\index\view\index\index.html [ array (
) ]
---------------------------------------------------------------
[2019-02-07T15:48:34+08:00] 127.0.0.1 GET www.bjtc.com/admin/Index/login
[运行时间：0.045539s] [吞吐率：21.96req/s] [内存消耗：1,509.73kb] [文件加载：65]
[ info ] [ LANG ] D:\WWW\bjtc\thinkphp\lang\zh-cn.php
[ info ] [ ROUTE ] array (
)
[ info ] [ HEADER ] array (
  'cookie' => 'pgv_pvi=4240663552',
  'connection' => 'close',
  'host' => 'www.bjtc.com',
  'accept-encoding' => 'gzip, deflate',
  'user-agent' => 'Mozilla/5.0 (Windows NT 10.0; WOW64; Trident/7.0; rv:11.0) like Gecko',
  'accept-language' => 'zh-Hans-CN,zh-Hans;q=0.8,en-US;q=0.5,en;q=0.3',
  'accept' => 'text/html, application/xhtml+xml, image/jxr, */*',
)
[ info ] [ PARAM ] array (
  '/admin/Index/login' => '',
)
---------------------------------------------------------------
[2019-02-07T15:49:54+08:00] 127.0.0.1 GET www.bjtc.com/admin/Index/login
[运行时间：0.035875s] [吞吐率：27.87req/s] [内存消耗：1,483.34kb] [文件加载：63]
[ info ] [ LANG ] D:\WWW\bjtc\thinkphp\lang\zh-cn.php
[ info ] [ ROUTE ] array (
)
[ info ] [ HEADER ] array (
  'cookie' => 'pgv_pvi=4240663552',
  'connection' => 'close',
  'host' => 'www.bjtc.com',
  'accept-encoding' => 'gzip, deflate',
  'user-agent' => 'Mozilla/5.0 (Windows NT 10.0; WOW64; Trident/7.0; rv:11.0) like Gecko',
  'accept-language' => 'zh-Hans-CN,zh-Hans;q=0.8,en-US;q=0.5,en;q=0.3',
  'accept' => 'text/html, application/xhtml+xml, image/jxr, */*',
)
[ info ] [ PARAM ] array (
  '/admin/Index/login' => '',
)
---------------------------------------------------------------
[2019-02-07T15:49:55+08:00] 127.0.0.1 GET www.bjtc.com/admin/Index/login
[运行时间：0.034310s] [吞吐率：29.15req/s] [内存消耗：1,483.34kb] [文件加载：63]
[ info ] [ LANG ] D:\WWW\bjtc\thinkphp\lang\zh-cn.php
[ info ] [ ROUTE ] array (
)
[ info ] [ HEADER ] array (
  'cookie' => 'pgv_pvi=4240663552',
  'connection' => 'close',
  'host' => 'www.bjtc.com',
  'accept-encoding' => 'gzip, deflate',
  'user-agent' => 'Mozilla/5.0 (Windows NT 10.0; WOW64; Trident/7.0; rv:11.0) like Gecko',
  'accept-language' => 'zh-Hans-CN,zh-Hans;q=0.8,en-US;q=0.5,en;q=0.3',
  'accept' => 'text/html, application/xhtml+xml, image/jxr, */*',
)
[ info ] [ PARAM ] array (
  '/admin/Index/login' => '',
)
---------------------------------------------------------------
[2019-02-07T15:50:07+08:00] 127.0.0.1 GET www.bjtc.com/admin/Index/login
[运行时间：0.038068s] [吞吐率：26.27req/s] [内存消耗：1,578.18kb] [文件加载：64]
[ info ] [ LANG ] D:\WWW\bjtc\thinkphp\lang\zh-cn.php
[ info ] [ ROUTE ] array (
)
[ info ] [ HEADER ] array (
  'cookie' => 'pgv_pvi=4240663552',
  'connection' => 'close',
  'host' => 'www.bjtc.com',
  'accept-encoding' => 'gzip, deflate',
  'user-agent' => 'Mozilla/5.0 (Windows NT 10.0; WOW64; Trident/7.0; rv:11.0) like Gecko',
  'accept-language' => 'zh-Hans-CN,zh-Hans;q=0.8,en-US;q=0.5,en;q=0.3',
  'accept' => 'text/html, application/xhtml+xml, image/jxr, */*',
)
[ info ] [ PARAM ] array (
  '/admin/Index/login' => '',
)
[ info ] [ VIEW ] D:\WWW\bjtc\application\admin\view\index\login.html [ array (
) ]
---------------------------------------------------------------
[2019-02-07T15:50:10+08:00] 127.0.0.1 GET www.bjtc.com/admin/Index/login
[运行时间：0.039080s] [吞吐率：25.59req/s] [内存消耗：1,461.14kb] [文件加载：62]
[ info ] [ LANG ] D:\WWW\bjtc\thinkphp\lang\zh-cn.php
[ info ] [ ROUTE ] array (
)
[ info ] [ HEADER ] array (
  'cookie' => 'pgv_pvi=4240663552',
  'connection' => 'close',
  'host' => 'www.bjtc.com',
  'accept-encoding' => 'gzip, deflate',
  'user-agent' => 'Mozilla/5.0 (Windows NT 10.0; WOW64; Trident/7.0; rv:11.0) like Gecko',
  'accept-language' => 'zh-Hans-CN,zh-Hans;q=0.8,en-US;q=0.5,en;q=0.3',
  'accept' => 'text/html, application/xhtml+xml, image/jxr, */*',
)
[ info ] [ PARAM ] array (
  '/admin/Index/login' => '',
)
[ info ] [ VIEW ] D:\WWW\bjtc\application\admin\view\index\login.html [ array (
) ]
---------------------------------------------------------------
[2019-02-07T15:50:34+08:00] 127.0.0.1 GET www.bjtc.com/admin/Index/login
[运行时间：0.040714s] [吞吐率：24.56req/s] [内存消耗：1,465.40kb] [文件加载：63]
[ info ] [ LANG ] D:\WWW\bjtc\thinkphp\lang\zh-cn.php
[ info ] [ ROUTE ] array (
)
[ info ] [ HEADER ] array (
  'cookie' => 'pgv_pvi=4240663552',
  'connection' => 'close',
  'host' => 'www.bjtc.com',
  'accept-encoding' => 'gzip, deflate',
  'user-agent' => 'Mozilla/5.0 (Windows NT 10.0; WOW64; Trident/7.0; rv:11.0) like Gecko',
  'accept-language' => 'zh-Hans-CN,zh-Hans;q=0.8,en-US;q=0.5,en;q=0.3',
  'accept' => 'text/html, application/xhtml+xml, image/jxr, */*',
)
[ info ] [ PARAM ] array (
  '/admin/Index/login' => '',
)
[ info ] [ VIEW ] D:\WWW\bjtc\application\admin\view\index\login.html [ array (
) ]
[ info ] [ VIEW ] D:\WWW\bjtc\application\admin\view\index\login.html [ array (
) ]
---------------------------------------------------------------
[2019-02-07T15:50:49+08:00] 127.0.0.1 GET www.bjtc.com/admin/Index/login
[运行时间：0.036462s] [吞吐率：27.43req/s] [内存消耗：1,461.14kb] [文件加载：62]
[ info ] [ LANG ] D:\WWW\bjtc\thinkphp\lang\zh-cn.php
[ info ] [ ROUTE ] array (
)
[ info ] [ HEADER ] array (
  'cookie' => 'pgv_pvi=4240663552',
  'connection' => 'close',
  'host' => 'www.bjtc.com',
  'accept-encoding' => 'gzip, deflate',
  'user-agent' => 'Mozilla/5.0 (Windows NT 10.0; WOW64; Trident/7.0; rv:11.0) like Gecko',
  'accept-language' => 'zh-Hans-CN,zh-Hans;q=0.8,en-US;q=0.5,en;q=0.3',
  'accept' => 'text/html, application/xhtml+xml, image/jxr, */*',
)
[ info ] [ PARAM ] array (
  '/admin/Index/login' => '',
)
[ info ] [ VIEW ] D:\WWW\bjtc\application\admin\view\index\login.html [ array (
) ]
---------------------------------------------------------------
[2019-02-07T15:50:49+08:00] 127.0.0.1 GET www.bjtc.com/admin/Index/login
[运行时间：0.035647s] [吞吐率：28.05req/s] [内存消耗：1,461.14kb] [文件加载：62]
[ info ] [ LANG ] D:\WWW\bjtc\thinkphp\lang\zh-cn.php
[ info ] [ ROUTE ] array (
)
[ info ] [ HEADER ] array (
  'cookie' => 'pgv_pvi=4240663552',
  'connection' => 'close',
  'host' => 'www.bjtc.com',
  'accept-encoding' => 'gzip, deflate',
  'user-agent' => 'Mozilla/5.0 (Windows NT 10.0; WOW64; Trident/7.0; rv:11.0) like Gecko',
  'accept-language' => 'zh-Hans-CN,zh-Hans;q=0.8,en-US;q=0.5,en;q=0.3',
  'accept' => 'text/html, application/xhtml+xml, image/jxr, */*',
)
[ info ] [ PARAM ] array (
  '/admin/Index/login' => '',
)
[ info ] [ VIEW ] D:\WWW\bjtc\application\admin\view\index\login.html [ array (
) ]
---------------------------------------------------------------
[2019-02-07T15:50:50+08:00] 127.0.0.1 GET www.bjtc.com/admin/Index/login
[运行时间：0.035664s] [吞吐率：28.04req/s] [内存消耗：1,461.14kb] [文件加载：62]
[ info ] [ LANG ] D:\WWW\bjtc\thinkphp\lang\zh-cn.php
[ info ] [ ROUTE ] array (
)
[ info ] [ HEADER ] array (
  'cookie' => 'pgv_pvi=4240663552',
  'connection' => 'close',
  'host' => 'www.bjtc.com',
  'accept-encoding' => 'gzip, deflate',
  'user-agent' => 'Mozilla/5.0 (Windows NT 10.0; WOW64; Trident/7.0; rv:11.0) like Gecko',
  'accept-language' => 'zh-Hans-CN,zh-Hans;q=0.8,en-US;q=0.5,en;q=0.3',
  'accept' => 'text/html, application/xhtml+xml, image/jxr, */*',
)
[ info ] [ PARAM ] array (
  '/admin/Index/login' => '',
)
[ info ] [ VIEW ] D:\WWW\bjtc\application\admin\view\index\login.html [ array (
) ]
---------------------------------------------------------------
[2019-02-07T15:50:59+08:00] 127.0.0.1 GET www.bjtc.com/admin/Index/login
[运行时间：0.036405s] [吞吐率：27.47req/s] [内存消耗：1,461.54kb] [文件加载：62]
[ info ] [ LANG ] D:\WWW\bjtc\thinkphp\lang\zh-cn.php
[ info ] [ ROUTE ] array (
)
[ info ] [ HEADER ] array (
  'cookie' => 'pgv_pvi=4240663552',
  'accept-language' => 'zh-CN,zh;q=0.9',
  'accept-encoding' => 'gzip, deflate',
  'accept' => 'text/html,application/xhtml+xml,application/xml;q=0.9,image/webp,image/apng,*/*;q=0.8',
  'user-agent' => 'Mozilla/5.0 (Windows NT 10.0; WOW64) AppleWebKit/537.36 (KHTML, like Gecko) Chrome/63.0.3239.132 Safari/537.36',
  'upgrade-insecure-requests' => '1',
  'connection' => 'close',
  'host' => 'www.bjtc.com',
)
[ info ] [ PARAM ] array (
  '/admin/Index/login' => '',
)
[ info ] [ VIEW ] D:\WWW\bjtc\application\admin\view\index\login.html [ array (
) ]
---------------------------------------------------------------
[2019-02-07T15:50:59+08:00] 127.0.0.1 GET www.bjtc.com/admin/Index/login
[运行时间：0.051048s] [吞吐率：19.59req/s] [内存消耗：1,461.78kb] [文件加载：62]
[ info ] [ LANG ] D:\WWW\bjtc\thinkphp\lang\zh-cn.php
[ info ] [ ROUTE ] array (
)
[ info ] [ HEADER ] array (
  'cookie' => 'pgv_pvi=4240663552',
  'accept-language' => 'zh-CN,zh;q=0.9',
  'accept-encoding' => 'gzip, deflate',
  'accept' => 'text/html,application/xhtml+xml,application/xml;q=0.9,image/webp,image/apng,*/*;q=0.8',
  'user-agent' => 'Mozilla/5.0 (Windows NT 10.0; WOW64) AppleWebKit/537.36 (KHTML, like Gecko) Chrome/63.0.3239.132 Safari/537.36',
  'upgrade-insecure-requests' => '1',
  'cache-control' => 'max-age=0',
  'connection' => 'close',
  'host' => 'www.bjtc.com',
)
[ info ] [ PARAM ] array (
  '/admin/Index/login' => '',
)
[ info ] [ VIEW ] D:\WWW\bjtc\application\admin\view\index\login.html [ array (
) ]
---------------------------------------------------------------
[2019-02-07T15:51:01+08:00] 127.0.0.1 GET www.bjtc.com/admin/Index/login
[运行时间：0.033316s] [吞吐率：30.02req/s] [内存消耗：1,461.78kb] [文件加载：62]
[ info ] [ LANG ] D:\WWW\bjtc\thinkphp\lang\zh-cn.php
[ info ] [ ROUTE ] array (
)
[ info ] [ HEADER ] array (
  'cookie' => 'pgv_pvi=4240663552',
  'accept-language' => 'zh-CN,zh;q=0.9',
  'accept-encoding' => 'gzip, deflate',
  'accept' => 'text/html,application/xhtml+xml,application/xml;q=0.9,image/webp,image/apng,*/*;q=0.8',
  'user-agent' => 'Mozilla/5.0 (Windows NT 10.0; WOW64) AppleWebKit/537.36 (KHTML, like Gecko) Chrome/63.0.3239.132 Safari/537.36',
  'upgrade-insecure-requests' => '1',
  'cache-control' => 'max-age=0',
  'connection' => 'close',
  'host' => 'www.bjtc.com',
)
[ info ] [ PARAM ] array (
  '/admin/Index/login' => '',
)
[ info ] [ VIEW ] D:\WWW\bjtc\application\admin\view\index\login.html [ array (
) ]
---------------------------------------------------------------
[2019-02-07T16:08:15+08:00] 127.0.0.1 GET www.bjtc.com/admin/Index/login
[运行时间：0.042085s] [吞吐率：23.76req/s] [内存消耗：1,461.84kb] [文件加载：62]
[ info ] [ LANG ] D:\WWW\bjtc\thinkphp\lang\zh-cn.php
[ info ] [ ROUTE ] array (
)
[ info ] [ HEADER ] array (
  'cookie' => 'pgv_pvi=4240663552',
  'accept-language' => 'zh-CN,zh;q=0.9',
  'accept-encoding' => 'gzip, deflate',
  'accept' => 'text/html,application/xhtml+xml,application/xml;q=0.9,image/webp,image/apng,*/*;q=0.8',
  'user-agent' => 'Mozilla/5.0 (Windows NT 10.0; WOW64) AppleWebKit/537.36 (KHTML, like Gecko) Chrome/63.0.3239.132 Safari/537.36',
  'upgrade-insecure-requests' => '1',
  'cache-control' => 'max-age=0',
  'connection' => 'close',
  'host' => 'www.bjtc.com',
)
[ info ] [ PARAM ] array (
  '/admin/Index/login' => '',
)
[ info ] [ VIEW ] D:\WWW\bjtc\application\admin\view\index\login.html [ array (
) ]
---------------------------------------------------------------
[2019-02-07T16:08:19+08:00] 127.0.0.1 GET www.bjtc.com/admin/Index/login
[运行时间：0.042463s] [吞吐率：23.55req/s] [内存消耗：1,461.78kb] [文件加载：62]
[ info ] [ LANG ] D:\WWW\bjtc\thinkphp\lang\zh-cn.php
[ info ] [ ROUTE ] array (
)
[ info ] [ HEADER ] array (
  'cookie' => 'pgv_pvi=4240663552',
  'accept-language' => 'zh-CN,zh;q=0.9',
  'accept-encoding' => 'gzip, deflate',
  'accept' => 'text/html,application/xhtml+xml,application/xml;q=0.9,image/webp,image/apng,*/*;q=0.8',
  'user-agent' => 'Mozilla/5.0 (Windows NT 10.0; WOW64) AppleWebKit/537.36 (KHTML, like Gecko) Chrome/63.0.3239.132 Safari/537.36',
  'upgrade-insecure-requests' => '1',
  'cache-control' => 'max-age=0',
  'connection' => 'close',
  'host' => 'www.bjtc.com',
)
[ info ] [ PARAM ] array (
  '/admin/Index/login' => '',
)
[ info ] [ VIEW ] D:\WWW\bjtc\application\admin\view\index\login.html [ array (
) ]
---------------------------------------------------------------
[2019-02-07T16:08:38+08:00] 127.0.0.1 GET www.bjtc.com/admin/Index/login
[运行时间：0.044012s] [吞吐率：22.72req/s] [内存消耗：1,461.78kb] [文件加载：62]
[ info ] [ LANG ] D:\WWW\bjtc\thinkphp\lang\zh-cn.php
[ info ] [ ROUTE ] array (
)
[ info ] [ HEADER ] array (
  'cookie' => 'pgv_pvi=4240663552',
  'accept-language' => 'zh-CN,zh;q=0.9',
  'accept-encoding' => 'gzip, deflate',
  'accept' => 'text/html,application/xhtml+xml,application/xml;q=0.9,image/webp,image/apng,*/*;q=0.8',
  'user-agent' => 'Mozilla/5.0 (Windows NT 10.0; WOW64) AppleWebKit/537.36 (KHTML, like Gecko) Chrome/63.0.3239.132 Safari/537.36',
  'upgrade-insecure-requests' => '1',
  'cache-control' => 'max-age=0',
  'connection' => 'close',
  'host' => 'www.bjtc.com',
)
[ info ] [ PARAM ] array (
  '/admin/Index/login' => '',
)
[ info ] [ VIEW ] D:\WWW\bjtc\application\admin\view\index\login.html [ array (
) ]
---------------------------------------------------------------
[2019-02-07T16:26:42+08:00] 127.0.0.1 GET www.bjtc.com/admin/Index/login
[运行时间：0.050565s] [吞吐率：19.78req/s] [内存消耗：1,461.84kb] [文件加载：62]
[ info ] [ LANG ] D:\WWW\bjtc\thinkphp\lang\zh-cn.php
[ info ] [ ROUTE ] array (
)
[ info ] [ HEADER ] array (
  'cookie' => 'pgv_pvi=4240663552',
  'accept-language' => 'zh-CN,zh;q=0.9',
  'accept-encoding' => 'gzip, deflate',
  'accept' => 'text/html,application/xhtml+xml,application/xml;q=0.9,image/webp,image/apng,*/*;q=0.8',
  'user-agent' => 'Mozilla/5.0 (Windows NT 10.0; WOW64) AppleWebKit/537.36 (KHTML, like Gecko) Chrome/63.0.3239.132 Safari/537.36',
  'upgrade-insecure-requests' => '1',
  'cache-control' => 'max-age=0',
  'connection' => 'close',
  'host' => 'www.bjtc.com',
)
[ info ] [ PARAM ] array (
  '/admin/Index/login' => '',
)
[ info ] [ VIEW ] D:\WWW\bjtc\application\admin\view\index\login.html [ array (
) ]
---------------------------------------------------------------
[2019-02-07T16:38:57+08:00] 127.0.0.1 GET www.bjtc.com/admin/Index/login
[运行时间：0.066902s] [吞吐率：14.95req/s] [内存消耗：1,461.84kb] [文件加载：62]
[ info ] [ LANG ] D:\WWW\bjtc\thinkphp\lang\zh-cn.php
[ info ] [ ROUTE ] array (
)
[ info ] [ HEADER ] array (
  'cookie' => 'pgv_pvi=4240663552',
  'accept-language' => 'zh-CN,zh;q=0.9',
  'accept-encoding' => 'gzip, deflate',
  'accept' => 'text/html,application/xhtml+xml,application/xml;q=0.9,image/webp,image/apng,*/*;q=0.8',
  'user-agent' => 'Mozilla/5.0 (Windows NT 10.0; WOW64) AppleWebKit/537.36 (KHTML, like Gecko) Chrome/63.0.3239.132 Safari/537.36',
  'upgrade-insecure-requests' => '1',
  'cache-control' => 'max-age=0',
  'connection' => 'close',
  'host' => 'www.bjtc.com',
)
[ info ] [ PARAM ] array (
  '/admin/Index/login' => '',
)
[ info ] [ VIEW ] D:\WWW\bjtc\application\admin\view\index\login.html [ array (
) ]
---------------------------------------------------------------
[2019-02-07T16:38:58+08:00] 127.0.0.1 GET www.bjtc.com/admin/Index/login
[运行时间：0.039612s] [吞吐率：25.24req/s] [内存消耗：1,461.78kb] [文件加载：62]
[ info ] [ LANG ] D:\WWW\bjtc\thinkphp\lang\zh-cn.php
[ info ] [ ROUTE ] array (
)
[ info ] [ HEADER ] array (
  'cookie' => 'pgv_pvi=4240663552',
  'accept-language' => 'zh-CN,zh;q=0.9',
  'accept-encoding' => 'gzip, deflate',
  'accept' => 'text/html,application/xhtml+xml,application/xml;q=0.9,image/webp,image/apng,*/*;q=0.8',
  'user-agent' => 'Mozilla/5.0 (Windows NT 10.0; WOW64) AppleWebKit/537.36 (KHTML, like Gecko) Chrome/63.0.3239.132 Safari/537.36',
  'upgrade-insecure-requests' => '1',
  'cache-control' => 'max-age=0',
  'connection' => 'close',
  'host' => 'www.bjtc.com',
)
[ info ] [ PARAM ] array (
  '/admin/Index/login' => '',
)
[ info ] [ VIEW ] D:\WWW\bjtc\application\admin\view\index\login.html [ array (
) ]
---------------------------------------------------------------
[2019-02-07T16:41:14+08:00] 127.0.0.1 GET www.bjtc.com/admin/Index/login
[运行时间：0.043928s] [吞吐率：22.76req/s] [内存消耗：1,477.91kb] [文件加载：62]
[ info ] [ LANG ] D:\WWW\bjtc\thinkphp\lang\zh-cn.php
[ info ] [ ROUTE ] array (
)
[ info ] [ HEADER ] array (
  'cookie' => 'pgv_pvi=4240663552',
  'accept-language' => 'zh-CN,zh;q=0.9',
  'accept-encoding' => 'gzip, deflate',
  'accept' => 'text/html,application/xhtml+xml,application/xml;q=0.9,image/webp,image/apng,*/*;q=0.8',
  'user-agent' => 'Mozilla/5.0 (Windows NT 10.0; WOW64) AppleWebKit/537.36 (KHTML, like Gecko) Chrome/63.0.3239.132 Safari/537.36',
  'upgrade-insecure-requests' => '1',
  'cache-control' => 'max-age=0',
  'connection' => 'close',
  'host' => 'www.bjtc.com',
)
[ info ] [ PARAM ] array (
  '/admin/Index/login' => '',
)
[ info ] [ VIEW ] D:\WWW\bjtc\application\admin\view\index\login.html [ array (
) ]
---------------------------------------------------------------
[2019-02-07T16:41:14+08:00] 127.0.0.1 GET www.bjtc.com/admin/Index/css/font.css
[运行时间：0.046160s] [吞吐率：21.66req/s] [内存消耗：1,509.97kb] [文件加载：65]
[ info ] [ LANG ] D:\WWW\bjtc\thinkphp\lang\zh-cn.php
[ info ] [ ROUTE ] array (
)
[ info ] [ HEADER ] array (
  'cookie' => 'pgv_pvi=4240663552',
  'accept-language' => 'zh-CN,zh;q=0.9',
  'accept-encoding' => 'gzip, deflate',
  'referer' => 'http://www.bjtc.com/admin/Index/login',
  'accept' => 'text/css,*/*;q=0.1',
  'user-agent' => 'Mozilla/5.0 (Windows NT 10.0; WOW64) AppleWebKit/537.36 (KHTML, like Gecko) Chrome/63.0.3239.132 Safari/537.36',
  'connection' => 'close',
  'host' => 'www.bjtc.com',
)
[ info ] [ PARAM ] array (
  '/admin/Index/css/font_css' => '',
)
---------------------------------------------------------------
[2019-02-07T16:41:15+08:00] 127.0.0.1 GET www.bjtc.com/admin/Index/lib/layui/layui.js
[运行时间：0.043228s] [吞吐率：23.13req/s] [内存消耗：1,510.34kb] [文件加载：65]
[ info ] [ LANG ] D:\WWW\bjtc\thinkphp\lang\zh-cn.php
[ info ] [ ROUTE ] array (
)
[ info ] [ HEADER ] array (
  'cookie' => 'pgv_pvi=4240663552',
  'accept-language' => 'zh-CN,zh;q=0.9',
  'accept-encoding' => 'gzip, deflate',
  'referer' => 'http://www.bjtc.com/admin/Index/login',
  'accept' => '*/*',
  'user-agent' => 'Mozilla/5.0 (Windows NT 10.0; WOW64) AppleWebKit/537.36 (KHTML, like Gecko) Chrome/63.0.3239.132 Safari/537.36',
  'connection' => 'close',
  'host' => 'www.bjtc.com',
)
[ info ] [ PARAM ] array (
  '/admin/Index/lib/layui/layui_js' => '',
  'layui' => 'layui.js',
)
---------------------------------------------------------------
[2019-02-07T16:41:15+08:00] 127.0.0.1 GET www.bjtc.com/admin/Index/css/xadmin.css
[运行时间：0.046296s] [吞吐率：21.60req/s] [内存消耗：1,510.10kb] [文件加载：65]
[ info ] [ LANG ] D:\WWW\bjtc\thinkphp\lang\zh-cn.php
[ info ] [ ROUTE ] array (
)
[ info ] [ HEADER ] array (
  'cookie' => 'pgv_pvi=4240663552',
  'accept-language' => 'zh-CN,zh;q=0.9',
  'accept-encoding' => 'gzip, deflate',
  'referer' => 'http://www.bjtc.com/admin/Index/login',
  'accept' => 'text/css,*/*;q=0.1',
  'user-agent' => 'Mozilla/5.0 (Windows NT 10.0; WOW64) AppleWebKit/537.36 (KHTML, like Gecko) Chrome/63.0.3239.132 Safari/537.36',
  'connection' => 'close',
  'host' => 'www.bjtc.com',
)
[ info ] [ PARAM ] array (
  '/admin/Index/css/xadmin_css' => '',
)
---------------------------------------------------------------
[2019-02-07T16:41:15+08:00] 127.0.0.1 GET www.bjtc.com/admin/Index/js/xadmin.js
[运行时间：0.049351s] [吞吐率：20.26req/s] [内存消耗：1,510.01kb] [文件加载：65]
[ info ] [ LANG ] D:\WWW\bjtc\thinkphp\lang\zh-cn.php
[ info ] [ ROUTE ] array (
)
[ info ] [ HEADER ] array (
  'cookie' => 'pgv_pvi=4240663552',
  'accept-language' => 'zh-CN,zh;q=0.9',
  'accept-encoding' => 'gzip, deflate',
  'referer' => 'http://www.bjtc.com/admin/Index/login',
  'accept' => '*/*',
  'user-agent' => 'Mozilla/5.0 (Windows NT 10.0; WOW64) AppleWebKit/537.36 (KHTML, like Gecko) Chrome/63.0.3239.132 Safari/537.36',
  'connection' => 'close',
  'host' => 'www.bjtc.com',
)
[ info ] [ PARAM ] array (
  '/admin/Index/js/xadmin_js' => '',
)
---------------------------------------------------------------
[2019-02-07T16:41:15+08:00] 127.0.0.1 GET www.bjtc.com/admin/Index/lib/layui/layui.js
[运行时间：0.037135s] [吞吐率：26.93req/s] [内存消耗：1,510.34kb] [文件加载：65]
[ info ] [ LANG ] D:\WWW\bjtc\thinkphp\lang\zh-cn.php
[ info ] [ ROUTE ] array (
)
[ info ] [ HEADER ] array (
  'cookie' => 'pgv_pvi=4240663552',
  'accept-language' => 'zh-CN,zh;q=0.9',
  'accept-encoding' => 'gzip, deflate',
  'referer' => 'http://www.bjtc.com/admin/Index/login',
  'accept' => '*/*',
  'user-agent' => 'Mozilla/5.0 (Windows NT 10.0; WOW64) AppleWebKit/537.36 (KHTML, like Gecko) Chrome/63.0.3239.132 Safari/537.36',
  'connection' => 'close',
  'host' => 'www.bjtc.com',
)
[ info ] [ PARAM ] array (
  '/admin/Index/lib/layui/layui_js' => '',
  'layui' => 'layui.js',
)
---------------------------------------------------------------
[2019-02-07T16:41:15+08:00] 127.0.0.1 GET www.bjtc.com/admin/Index/js/xadmin.js
[运行时间：0.034889s] [吞吐率：28.66req/s] [内存消耗：1,510.01kb] [文件加载：65]
[ info ] [ LANG ] D:\WWW\bjtc\thinkphp\lang\zh-cn.php
[ info ] [ ROUTE ] array (
)
[ info ] [ HEADER ] array (
  'cookie' => 'pgv_pvi=4240663552',
  'accept-language' => 'zh-CN,zh;q=0.9',
  'accept-encoding' => 'gzip, deflate',
  'referer' => 'http://www.bjtc.com/admin/Index/login',
  'accept' => '*/*',
  'user-agent' => 'Mozilla/5.0 (Windows NT 10.0; WOW64) AppleWebKit/537.36 (KHTML, like Gecko) Chrome/63.0.3239.132 Safari/537.36',
  'connection' => 'close',
  'host' => 'www.bjtc.com',
)
[ info ] [ PARAM ] array (
  '/admin/Index/js/xadmin_js' => '',
)
---------------------------------------------------------------
[2019-02-07T16:41:57+08:00] 127.0.0.1 GET www.bjtc.com/admin/Index/login
[运行时间：0.038826s] [吞吐率：25.76req/s] [内存消耗：1,595.43kb] [文件加载：64]
[ info ] [ LANG ] D:\WWW\bjtc\thinkphp\lang\zh-cn.php
[ info ] [ ROUTE ] array (
)
[ info ] [ HEADER ] array (
  'cookie' => 'pgv_pvi=4240663552; Hm_lvt_b393d153aeb26b46e9431fabaf0f6190=1549528876; Hm_lpvt_b393d153aeb26b46e9431fabaf0f6190=1549528876',
  'accept-language' => 'zh-CN,zh;q=0.9',
  'accept-encoding' => 'gzip, deflate',
  'accept' => 'text/html,application/xhtml+xml,application/xml;q=0.9,image/webp,image/apng,*/*;q=0.8',
  'user-agent' => 'Mozilla/5.0 (Windows NT 10.0; WOW64) AppleWebKit/537.36 (KHTML, like Gecko) Chrome/63.0.3239.132 Safari/537.36',
  'upgrade-insecure-requests' => '1',
  'cache-control' => 'max-age=0',
  'connection' => 'close',
  'host' => 'www.bjtc.com',
)
[ info ] [ PARAM ] array (
  '/admin/Index/login' => '',
)
[ info ] [ VIEW ] D:\WWW\bjtc\application\admin\view\index\login.html [ array (
) ]
---------------------------------------------------------------
[2019-02-07T16:41:57+08:00] 127.0.0.1 GET www.bjtc.com/lib/layui/css/layui.css
[运行时间：0.028525s] [吞吐率：35.06req/s] [内存消耗：1,123.85kb] [文件加载：52]
[ info ] [ LANG ] D:\WWW\bjtc\thinkphp\lang\zh-cn.php
---------------------------------------------------------------
[2019-02-07T16:41:57+08:00] 127.0.0.1 GET www.bjtc.com/images/aiwrap.png
[运行时间：0.034906s] [吞吐率：28.65req/s] [内存消耗：1,123.71kb] [文件加载：52]
[ info ] [ LANG ] D:\WWW\bjtc\thinkphp\lang\zh-cn.php
---------------------------------------------------------------
[2019-02-07T16:41:57+08:00] 127.0.0.1 GET www.bjtc.com/images/bg.png
[运行时间：0.037037s] [吞吐率：27.00req/s] [内存消耗：1,123.77kb] [文件加载：52]
[ info ] [ LANG ] D:\WWW\bjtc\thinkphp\lang\zh-cn.php
---------------------------------------------------------------
[2019-02-07T16:41:58+08:00] 127.0.0.1 GET www.bjtc.com/admin/Index/login
[运行时间：0.037191s] [吞吐率：26.89req/s] [内存消耗：1,478.33kb] [文件加载：62]
[ info ] [ LANG ] D:\WWW\bjtc\thinkphp\lang\zh-cn.php
[ info ] [ ROUTE ] array (
)
[ info ] [ HEADER ] array (
  'cookie' => 'pgv_pvi=4240663552; Hm_lvt_b393d153aeb26b46e9431fabaf0f6190=1549528876; Hm_lpvt_b393d153aeb26b46e9431fabaf0f6190=1549528917',
  'accept-language' => 'zh-CN,zh;q=0.9',
  'accept-encoding' => 'gzip, deflate',
  'accept' => 'text/html,application/xhtml+xml,application/xml;q=0.9,image/webp,image/apng,*/*;q=0.8',
  'user-agent' => 'Mozilla/5.0 (Windows NT 10.0; WOW64) AppleWebKit/537.36 (KHTML, like Gecko) Chrome/63.0.3239.132 Safari/537.36',
  'upgrade-insecure-requests' => '1',
  'cache-control' => 'max-age=0',
  'connection' => 'close',
  'host' => 'www.bjtc.com',
)
[ info ] [ PARAM ] array (
  '/admin/Index/login' => '',
)
[ info ] [ VIEW ] D:\WWW\bjtc\application\admin\view\index\login.html [ array (
) ]
---------------------------------------------------------------
[2019-02-07T16:41:58+08:00] 127.0.0.1 GET www.bjtc.com/lib/layui/css/layui.css
[运行时间：0.028793s] [吞吐率：34.73req/s] [内存消耗：1,123.85kb] [文件加载：52]
[ info ] [ LANG ] D:\WWW\bjtc\thinkphp\lang\zh-cn.php
---------------------------------------------------------------
[2019-02-07T16:41:58+08:00] 127.0.0.1 GET www.bjtc.com/images/bg.png
[运行时间：0.035162s] [吞吐率：28.44req/s] [内存消耗：1,123.77kb] [文件加载：52]
[ info ] [ LANG ] D:\WWW\bjtc\thinkphp\lang\zh-cn.php
hp
---------------------------------------------------------------
[2019-02-07T17:18:57+08:00] 127.0.0.1 GET www.bjtc.com/admin/Index/login
[运行时间：0.059597s] [吞吐率：16.78req/s] [内存消耗：1,595.70kb] [文件加载：64]
[ info ] [ LANG ] D:\WWW\bjtc\thinkphp\lang\zh-cn.php
[ info ] [ ROUTE ] array (
)
[ info ] [ HEADER ] array (
  'cookie' => 'pgv_pvi=4240663552; Hm_lvt_b393d153aeb26b46e9431fabaf0f6190=1549528876; Hm_lpvt_b393d153aeb26b46e9431fabaf0f6190=1549528919',
  'accept-language' => 'zh-CN,zh;q=0.9',
  'accept-encoding' => 'gzip, deflate',
  'accept' => 'text/html,application/xhtml+xml,application/xml;q=0.9,image/webp,image/apng,*/*;q=0.8',
  'user-agent' => 'Mozilla/5.0 (Windows NT 10.0; WOW64) AppleWebKit/537.36 (KHTML, like Gecko) Chrome/63.0.3239.132 Safari/537.36',
  'upgrade-insecure-requests' => '1',
  'cache-control' => 'max-age=0',
  'connection' => 'close',
  'host' => 'www.bjtc.com',
)
[ info ] [ PARAM ] array (
  '/admin/Index/login' => '',
)
[ info ] [ VIEW ] D:\WWW\bjtc\application\admin\view\index\login.html [ array (
) ]
---------------------------------------------------------------
[2019-02-07T17:18:57+08:00] 127.0.0.1 GET www.bjtc.com/lib/layui/css/layui.css
[运行时间：0.049795s] [吞吐率：20.08req/s] [内存消耗：1,123.85kb] [文件加载：52]
[ info ] [ LANG ] D:\WWW\bjtc\thinkphp\lang\zh-cn.php
---------------------------------------------------------------
[2019-02-07T17:18:57+08:00] 127.0.0.1 GET www.bjtc.com/images/bg.png
[运行时间：0.041722s] [吞吐率：23.97req/s] [内存消耗：1,123.77kb] [文件加载：52]
[ info ] [ LANG ] D:\WWW\bjtc\thinkphp\lang\zh-cn.php
---------------------------------------------------------------
[2019-02-07T17:18:58+08:00] 127.0.0.1 GET www.bjtc.com/images/aiwrap.png
[运行时间：0.037453s] [吞吐率：26.70req/s] [内存消耗：1,123.72kb] [文件加载：52]
[ info ] [ LANG ] D:\WWW\bjtc\thinkphp\lang\zh-cn.php
---------------------------------------------------------------
[2019-02-07T17:42:51+08:00] 127.0.0.1 GET www.bjtc.com/admin/Index/login
[运行时间：0.039274s] [吞吐率：25.46req/s] [内存消耗：1,478.38kb] [文件加载：62]
[ info ] [ LANG ] D:\WWW\bjtc\thinkphp\lang\zh-cn.php
[ info ] [ ROUTE ] array (
)
[ info ] [ HEADER ] array (
  'cookie' => 'pgv_pvi=4240663552; Hm_lvt_b393d153aeb26b46e9431fabaf0f6190=1549528876; Hm_lpvt_b393d153aeb26b46e9431fabaf0f6190=1549531137',
  'accept-language' => 'zh-CN,zh;q=0.9',
  'accept-encoding' => 'gzip, deflate',
  'accept' => 'text/html,application/xhtml+xml,application/xml;q=0.9,image/webp,image/apng,*/*;q=0.8',
  'user-agent' => 'Mozilla/5.0 (Windows NT 10.0; WOW64) AppleWebKit/537.36 (KHTML, like Gecko) Chrome/63.0.3239.132 Safari/537.36',
  'upgrade-insecure-requests' => '1',
  'cache-control' => 'max-age=0',
  'connection' => 'close',
  'host' => 'www.bjtc.com',
)
[ info ] [ PARAM ] array (
  '/admin/Index/login' => '',
)
[ info ] [ VIEW ] D:\WWW\bjtc\application\admin\view\index\login.html [ array (
) ]
---------------------------------------------------------------
[2019-02-07T17:42:51+08:00] 127.0.0.1 GET www.bjtc.com/lib/layui/css/layui.css
[运行时间：0.029170s] [吞吐率：34.28req/s] [内存消耗：1,123.85kb] [文件加载：52]
[ info ] [ LANG ] D:\WWW\bjtc\thinkphp\lang\zh-cn.php
---------------------------------------------------------------
[2019-02-07T17:43:03+08:00] 127.0.0.1 GET www.bjtc.com/lib/layui/css/layui.css
[运行时间：0.029665s] [吞吐率：33.71req/s] [内存消耗：1,123.85kb] [文件加载：52]
[ info ] [ LANG ] D:\WWW\bjtc\thinkphp\lang\zh-cn.php
---------------------------------------------------------------
[2019-02-07T17:43:03+08:00] 127.0.0.1 GET www.bjtc.com/css/bootstrap.min.css.map
[运行时间：0.027243s] [吞吐率：36.71req/s] [内存消耗：1,123.86kb] [文件加载：52]
[ info ] [ LANG ] D:\WWW\bjtc\thinkphp\lang\zh-cn.php
---------------------------------------------------------------
[2019-02-07T17:46:54+08:00] 127.0.0.1 GET www.bjtc.com/admin/Index/login
[运行时间：0.043793s] [吞吐率：22.83req/s] [内存消耗：1,595.73kb] [文件加载：64]
[ info ] [ LANG ] D:\WWW\bjtc\thinkphp\lang\zh-cn.php
[ info ] [ ROUTE ] array (
)
[ info ] [ HEADER ] array (
  'cookie' => 'pgv_pvi=4240663552; Hm_lvt_b393d153aeb26b46e9431fabaf0f6190=1549528876; Hm_lpvt_b393d153aeb26b46e9431fabaf0f6190=1549532572',
  'accept-language' => 'zh-CN,zh;q=0.9',
  'accept-encoding' => 'gzip, deflate',
  'accept' => 'text/html,application/xhtml+xml,application/xml;q=0.9,image/webp,image/apng,*/*;q=0.8',
  'user-agent' => 'Mozilla/5.0 (Windows NT 10.0; WOW64) AppleWebKit/537.36 (KHTML, like Gecko) Chrome/63.0.3239.132 Safari/537.36',
  'upgrade-insecure-requests' => '1',
  'cache-control' => 'max-age=0',
  'connection' => 'close',
  'host' => 'www.bjtc.com',
)
[ info ] [ PARAM ] array (
  '/admin/Index/login' => '',
)
[ info ] [ VIEW ] D:\WWW\bjtc\application\admin\view\index\login.html [ array (
) ]
---------------------------------------------------------------
[2019-02-07T17:46:54+08:00] 127.0.0.1 GET www.bjtc.com/lib/layui/css/layui.css
[运行时间：0.037281s] [吞吐率：26.82req/s] [内存消耗：1,123.85kb] [文件加载：52]
[ info ] [ LANG ] D:\WWW\bjtc\thinkphp\lang\zh-cn.php
---------------------------------------------------------------
[2019-02-07T17:46:55+08:00] 127.0.0.1 GET www.bjtc.com/css/bootstrap.min.css.map
[运行时间：0.027186s] [吞吐率：36.78req/s] [内存消耗：1,123.86kb] [文件加载：52]
[ info ] [ LANG ] D:\WWW\bjtc\thinkphp\lang\zh-cn.php
---------------------------------------------------------------
[2019-02-07T17:50:21+08:00] 127.0.0.1 GET t3.gstatic.cn/shopping?q=tbn:ANd9GcR3yqoN98Bl1C4Xu9M1HAgM-JuYUWsfaG86WkNo6kCrv9FJIkOSgA&usqp=CAI
[运行时间：0.034253s] [吞吐率：29.19req/s] [内存消耗：1,123.78kb] [文件加载：52]
[ info ] [ LANG ] D:\WWW\bjtc\thinkphp\lang\zh-cn.php
---------------------------------------------------------------
[2019-02-07T17:50:22+08:00] 127.0.0.1 GET t3.gstatic.cn/shopping?q=tbn:ANd9GcRy6nUU34Emz4pi-ufbzt2yAowZWKbIfYbd2WwJGYmX5Zd2PB-MpDk&usqp=CAI
[运行时间：0.028975s] [吞吐率：34.51req/s] [内存消耗：1,123.76kb] [文件加载：52]
[ info ] [ LANG ] D:\WWW\bjtc\thinkphp\lang\zh-cn.php
---------------------------------------------------------------
[2019-02-07T17:52:12+08:00] 127.0.0.1 GET www.bjtc.com/admin/Index/login
[运行时间：0.045464s] [吞吐率：22.00req/s] [内存消耗：1,595.78kb] [文件加载：64]
[ info ] [ LANG ] D:\WWW\bjtc\thinkphp\lang\zh-cn.php
[ info ] [ ROUTE ] array (
)
[ info ] [ HEADER ] array (
  'cookie' => 'pgv_pvi=4240663552; Hm_lvt_b393d153aeb26b46e9431fabaf0f6190=1549528876; Hm_lpvt_b393d153aeb26b46e9431fabaf0f6190=1549532814',
  'accept-language' => 'zh-CN,zh;q=0.9',
  'accept-encoding' => 'gzip, deflate',
  'accept' => 'text/html,application/xhtml+xml,application/xml;q=0.9,image/webp,image/apng,*/*;q=0.8',
  'user-agent' => 'Mozilla/5.0 (Windows NT 10.0; WOW64) AppleWebKit/537.36 (KHTML, like Gecko) Chrome/63.0.3239.132 Safari/537.36',
  'upgrade-insecure-requests' => '1',
  'cache-control' => 'max-age=0',
  'connection' => 'close',
  'host' => 'www.bjtc.com',
)
[ info ] [ PARAM ] array (
  '/admin/Index/login' => '',
)
[ info ] [ VIEW ] D:\WWW\bjtc\application\admin\view\index\login.html [ array (
) ]
---------------------------------------------------------------
[2019-02-07T17:52:12+08:00] 127.0.0.1 GET www.bjtc.com/lib/layui/css/layui.css
[运行时间：0.042140s] [吞吐率：23.73req/s] [内存消耗：1,123.85kb] [文件加载：52]
[ info ] [ LANG ] D:\WWW\bjtc\thinkphp\lang\zh-cn.php
---------------------------------------------------------------
[2019-02-07T17:52:12+08:00] 127.0.0.1 GET www.bjtc.com/css/bootstrap.min.css.map
[运行时间：0.046227s] [吞吐率：21.63req/s] [内存消耗：1,123.86kb] [文件加载：52]
[ info ] [ LANG ] D:\WWW\bjtc\thinkphp\lang\zh-cn.php
---------------------------------------------------------------
[2019-02-07T17:52:13+08:00] 127.0.0.1 GET www.bjtc.com/admin/Index/login
[运行时间：0.033496s] [吞吐率：29.85req/s] [内存消耗：1,478.31kb] [文件加载：62]
[ info ] [ LANG ] D:\WWW\bjtc\thinkphp\lang\zh-cn.php
[ info ] [ ROUTE ] array (
)
[ info ] [ HEADER ] array (
  'cookie' => 'pgv_pvi=4240663552; Hm_lvt_b393d153aeb26b46e9431fabaf0f6190=1549528876; Hm_lpvt_b393d153aeb26b46e9431fabaf0f6190=1549533133',
  'accept-language' => 'zh-CN,zh;q=0.9',
  'accept-encoding' => 'gzip, deflate',
  'accept' => 'text/html,application/xhtml+xml,application/xml;q=0.9,image/webp,image/apng,*/*;q=0.8',
  'user-agent' => 'Mozilla/5.0 (Windows NT 10.0; WOW64) AppleWebKit/537.36 (KHTML, like Gecko) Chrome/63.0.3239.132 Safari/537.36',
  'upgrade-insecure-requests' => '1',
  'cache-control' => 'max-age=0',
  'connection' => 'close',
  'host' => 'www.bjtc.com',
)
[ info ] [ PARAM ] array (
  '/admin/Index/login' => '',
)
[ info ] [ VIEW ] D:\WWW\bjtc\application\admin\view\index\login.html [ array (
) ]
---------------------------------------------------------------
[2019-02-07T17:52:13+08:00] 127.0.0.1 GET www.bjtc.com/lib/layui/css/layui.css
[运行时间：0.030912s] [吞吐率：32.35req/s] [内存消耗：1,123.85kb] [文件加载：52]
[ info ] [ LANG ] D:\WWW\bjtc\thinkphp\lang\zh-cn.php
---------------------------------------------------------------
[2019-02-07T17:52:13+08:00] 127.0.0.1 GET www.bjtc.com/css/bootstrap.min.css.map
[运行时间：0.037529s] [吞吐率：26.65req/s] [内存消耗：1,123.86kb] [文件加载：52]
[ info ] [ LANG ] D:\WWW\bjtc\thinkphp\lang\zh-cn.php
---------------------------------------------------------------
[2019-02-07T17:52:57+08:00] 127.0.0.1 GET www.bjtc.com/admin/Index/login
[运行时间：0.047142s] [吞吐率：21.21req/s] [内存消耗：1,595.73kb] [文件加载：64]
[ info ] [ LANG ] D:\WWW\bjtc\thinkphp\lang\zh-cn.php
[ info ] [ ROUTE ] array (
)
[ info ] [ HEADER ] array (
  'cookie' => 'pgv_pvi=4240663552; Hm_lvt_b393d153aeb26b46e9431fabaf0f6190=1549528876; Hm_lpvt_b393d153aeb26b46e9431fabaf0f6190=1549533133',
  'accept-language' => 'zh-CN,zh;q=0.9',
  'accept-encoding' => 'gzip, deflate',
  'accept' => 'text/html,application/xhtml+xml,application/xml;q=0.9,image/webp,image/apng,*/*;q=0.8',
  'user-agent' => 'Mozilla/5.0 (Windows NT 10.0; WOW64) AppleWebKit/537.36 (KHTML, like Gecko) Chrome/63.0.3239.132 Safari/537.36',
  'upgrade-insecure-requests' => '1',
  'cache-control' => 'max-age=0',
  'connection' => 'close',
  'host' => 'www.bjtc.com',
)
[ info ] [ PARAM ] array (
  '/admin/Index/login' => '',
)
[ info ] [ VIEW ] D:\WWW\bjtc\application\admin\view\index\login.html [ array (
) ]
---------------------------------------------------------------
[2019-02-07T17:52:57+08:00] 127.0.0.1 GET www.bjtc.com/lib/layui/css/layui.css
[运行时间：0.030398s] [吞吐率：32.90req/s] [内存消耗：1,123.85kb] [文件加载：52]
[ info ] [ LANG ] D:\WWW\bjtc\thinkphp\lang\zh-cn.php
---------------------------------------------------------------
[2019-02-07T17:52:58+08:00] 127.0.0.1 GET www.bjtc.com/css/bootstrap.min.css.map
[运行时间：0.046744s] [吞吐率：21.39req/s] [内存消耗：1,123.86kb] [文件加载：52]
[ info ] [ LANG ] D:\WWW\bjtc\thinkphp\lang\zh-cn.php
---------------------------------------------------------------
[2019-02-07T17:52:59+08:00] 127.0.0.1 GET www.bjtc.com/admin/Index/login
[运行时间：0.036833s] [吞吐率：27.15req/s] [内存消耗：1,478.31kb] [文件加载：62]
[ info ] [ LANG ] D:\WWW\bjtc\thinkphp\lang\zh-cn.php
[ info ] [ ROUTE ] array (
)
[ info ] [ HEADER ] array (
  'cookie' => 'pgv_pvi=4240663552; Hm_lvt_b393d153aeb26b46e9431fabaf0f6190=1549528876; Hm_lpvt_b393d153aeb26b46e9431fabaf0f6190=1549533178',
  'accept-language' => 'zh-CN,zh;q=0.9',
  'accept-encoding' => 'gzip, deflate',
  'accept' => 'text/html,application/xhtml+xml,application/xml;q=0.9,image/webp,image/apng,*/*;q=0.8',
  'user-agent' => 'Mozilla/5.0 (Windows NT 10.0; WOW64) AppleWebKit/537.36 (KHTML, like Gecko) Chrome/63.0.3239.132 Safari/537.36',
  'upgrade-insecure-requests' => '1',
  'cache-control' => 'max-age=0',
  'connection' => 'close',
  'host' => 'www.bjtc.com',
)
[ info ] [ PARAM ] array (
  '/admin/Index/login' => '',
)
[ info ] [ VIEW ] D:\WWW\bjtc\application\admin\view\index\login.html [ array (
) ]
---------------------------------------------------------------
[2019-02-07T17:52:59+08:00] 127.0.0.1 GET www.bjtc.com/lib/layui/css/layui.css
[运行时间：0.040693s] [吞吐率：24.57req/s] [内存消耗：1,123.85kb] [文件加载：52]
[ info ] [ LANG ] D:\WWW\bjtc\thinkphp\lang\zh-cn.php
---------------------------------------------------------------
[2019-02-07T17:52:59+08:00] 127.0.0.1 GET www.bjtc.com/css/bootstrap.min.css.map
[运行时间：0.038262s] [吞吐率：26.14req/s] [内存消耗：1,123.86kb] [文件加载：52]
[ info ] [ LANG ] D:\WWW\bjtc\thinkphp\lang\zh-cn.php
---------------------------------------------------------------
[2019-02-07T17:53:17+08:00] 127.0.0.1 GET www.bjtc.com/admin/Index/login
[运行时间：0.035698s] [吞吐率：28.01req/s] [内存消耗：1,595.66kb] [文件加载：64]
[ info ] [ LANG ] D:\WWW\bjtc\thinkphp\lang\zh-cn.php
[ info ] [ ROUTE ] array (
)
[ info ] [ HEADER ] array (
  'cookie' => 'pgv_pvi=4240663552; Hm_lvt_b393d153aeb26b46e9431fabaf0f6190=1549528876; Hm_lpvt_b393d153aeb26b46e9431fabaf0f6190=1549533180',
  'accept-language' => 'zh-CN,zh;q=0.9',
  'accept-encoding' => 'gzip, deflate',
  'accept' => 'text/html,application/xhtml+xml,application/xml;q=0.9,image/webp,image/apng,*/*;q=0.8',
  'user-agent' => 'Mozilla/5.0 (Windows NT 10.0; WOW64) AppleWebKit/537.36 (KHTML, like Gecko) Chrome/63.0.3239.132 Safari/537.36',
  'upgrade-insecure-requests' => '1',
  'cache-control' => 'max-age=0',
  'connection' => 'close',
  'host' => 'www.bjtc.com',
)
[ info ] [ PARAM ] array (
  '/admin/Index/login' => '',
)
[ info ] [ VIEW ] D:\WWW\bjtc\application\admin\view\index\login.html [ array (
) ]
---------------------------------------------------------------
[2019-02-07T17:53:18+08:00] 127.0.0.1 GET www.bjtc.com/lib/layui/css/layui.css
[运行时间：0.037037s] [吞吐率：27.00req/s] [内存消耗：1,123.86kb] [文件加载：52]
[ info ] [ LANG ] D:\WWW\bjtc\thinkphp\lang\zh-cn.php
---------------------------------------------------------------
[2019-02-07T17:53:18+08:00] 127.0.0.1 GET www.bjtc.com/admin/Index/login
[运行时间：0.032328s] [吞吐率：30.93req/s] [内存消耗：1,478.31kb] [文件加载：62]
[ info ] [ LANG ] D:\WWW\bjtc\thinkphp\lang\zh-cn.php
[ info ] [ ROUTE ] array (
)
[ info ] [ HEADER ] array (
  'cookie' => 'pgv_pvi=4240663552; Hm_lvt_b393d153aeb26b46e9431fabaf0f6190=1549528876; Hm_lpvt_b393d153aeb26b46e9431fabaf0f6190=1549533198',
  'accept-language' => 'zh-CN,zh;q=0.9',
  'accept-encoding' => 'gzip, deflate',
  'accept' => 'text/html,application/xhtml+xml,application/xml;q=0.9,image/webp,image/apng,*/*;q=0.8',
  'user-agent' => 'Mozilla/5.0 (Windows NT 10.0; WOW64) AppleWebKit/537.36 (KHTML, like Gecko) Chrome/63.0.3239.132 Safari/537.36',
  'upgrade-insecure-requests' => '1',
  'cache-control' => 'max-age=0',
  'connection' => 'close',
  'host' => 'www.bjtc.com',
)
[ info ] [ PARAM ] array (
  '/admin/Index/login' => '',
)
[ info ] [ VIEW ] D:\WWW\bjtc\application\admin\view\index\login.html [ array (
) ]
---------------------------------------------------------------
[2019-02-07T17:53:18+08:00] 127.0.0.1 GET www.bjtc.com/lib/layui/css/layui.css
[运行时间：0.031931s] [吞吐率：31.32req/s] [内存消耗：1,123.85kb] [文件加载：52]
[ info ] [ LANG ] D:\WWW\bjtc\thinkphp\lang\zh-cn.php
---------------------------------------------------------------
[2019-02-07T17:53:18+08:00] 127.0.0.1 GET www.bjtc.com/admin/Index/login
[运行时间：0.045791s] [吞吐率：21.84req/s] [内存消耗：1,478.31kb] [文件加载：62]
[ info ] [ LANG ] D:\WWW\bjtc\thinkphp\lang\zh-cn.php
[ info ] [ ROUTE ] array (
)
[ info ] [ HEADER ] array (
  'cookie' => 'pgv_pvi=4240663552; Hm_lvt_b393d153aeb26b46e9431fabaf0f6190=1549528876; Hm_lpvt_b393d153aeb26b46e9431fabaf0f6190=1549533199',
  'accept-language' => 'zh-CN,zh;q=0.9',
  'accept-encoding' => 'gzip, deflate',
  'accept' => 'text/html,application/xhtml+xml,application/xml;q=0.9,image/webp,image/apng,*/*;q=0.8',
  'user-agent' => 'Mozilla/5.0 (Windows NT 10.0; WOW64) AppleWebKit/537.36 (KHTML, like Gecko) Chrome/63.0.3239.132 Safari/537.36',
  'upgrade-insecure-requests' => '1',
  'cache-control' => 'max-age=0',
  'connection' => 'close',
  'host' => 'www.bjtc.com',
)
[ info ] [ PARAM ] array (
  '/admin/Index/login' => '',
)
[ info ] [ VIEW ] D:\WWW\bjtc\application\admin\view\index\login.html [ array (
) ]
---------------------------------------------------------------
[2019-02-07T17:53:18+08:00] 127.0.0.1 GET www.bjtc.com/lib/layui/css/layui.css
[运行时间：0.034300s] [吞吐率：29.15req/s] [内存消耗：1,123.85kb] [文件加载：52]
[ info ] [ LANG ] D:\WWW\bjtc\thinkphp\lang\zh-cn.php
---------------------------------------------------------------
[2019-02-07T17:53:19+08:00] 127.0.0.1 GET www.bjtc.com/css/bootstrap.min.css.map
[运行时间：0.025155s] [吞吐率：39.75req/s] [内存消耗：1,123.86kb] [文件加载：52]
[ info ] [ LANG ] D:\WWW\bjtc\thinkphp\lang\zh-cn.php
---------------------------------------------------------------
[2019-02-07T17:53:19+08:00] 127.0.0.1 GET www.bjtc.com/css/bootstrap.min.css.map
[运行时间：0.030955s] [吞吐率：32.30req/s] [内存消耗：1,123.86kb] [文件加载：52]
[ info ] [ LANG ] D:\WWW\bjtc\thinkphp\lang\zh-cn.php
---------------------------------------------------------------
[2019-02-07T17:53:19+08:00] 127.0.0.1 GET www.bjtc.com/css/bootstrap.min.css.map
[运行时间：0.026120s] [吞吐率：38.28req/s] [内存消耗：1,123.86kb] [文件加载：52]
[ info ] [ LANG ] D:\WWW\bjtc\thinkphp\lang\zh-cn.php
---------------------------------------------------------------
[2019-02-07T17:54:39+08:00] 127.0.0.1 GET www.bjtc.com/admin/Index/login
[运行时间：0.045993s] [吞吐率：21.74req/s] [内存消耗：1,595.77kb] [文件加载：64]
[ info ] [ LANG ] D:\WWW\bjtc\thinkphp\lang\zh-cn.php
[ info ] [ ROUTE ] array (
)
[ info ] [ HEADER ] array (
  'cookie' => 'pgv_pvi=4240663552; Hm_lvt_b393d153aeb26b46e9431fabaf0f6190=1549528876; Hm_lpvt_b393d153aeb26b46e9431fabaf0f6190=1549533199',
  'accept-language' => 'zh-CN,zh;q=0.9',
  'accept-encoding' => 'gzip, deflate',
  'accept' => 'text/html,application/xhtml+xml,application/xml;q=0.9,image/webp,image/apng,*/*;q=0.8',
  'user-agent' => 'Mozilla/5.0 (Windows NT 10.0; WOW64) AppleWebKit/537.36 (KHTML, like Gecko) Chrome/63.0.3239.132 Safari/537.36',
  'upgrade-insecure-requests' => '1',
  'cache-control' => 'max-age=0',
  'connection' => 'close',
  'host' => 'www.bjtc.com',
)
[ info ] [ PARAM ] array (
  '/admin/Index/login' => '',
)
[ info ] [ VIEW ] D:\WWW\bjtc\application\admin\view\index\login.html [ array (
) ]
---------------------------------------------------------------
[2019-02-07T17:54:39+08:00] 127.0.0.1 GET www.bjtc.com/lib/layui/css/layui.css
[运行时间：0.034329s] [吞吐率：29.13req/s] [内存消耗：1,123.85kb] [文件加载：52]
[ info ] [ LANG ] D:\WWW\bjtc\thinkphp\lang\zh-cn.php
---------------------------------------------------------------
[2019-02-07T17:54:39+08:00] 127.0.0.1 GET www.bjtc.com/css/bootstrap.min.css.map
[运行时间：0.058838s] [吞吐率：17.00req/s] [内存消耗：1,123.86kb] [文件加载：52]
[ info ] [ LANG ] D:\WWW\bjtc\thinkphp\lang\zh-cn.php
---------------------------------------------------------------
[2019-02-07T17:55:05+08:00] 127.0.0.1 GET www.bjtc.com/admin/Index/login
[运行时间：0.036275s] [吞吐率：27.57req/s] [内存消耗：1,595.80kb] [文件加载：64]
[ info ] [ LANG ] D:\WWW\bjtc\thinkphp\lang\zh-cn.php
[ info ] [ ROUTE ] array (
)
[ info ] [ HEADER ] array (
  'cookie' => 'pgv_pvi=4240663552; Hm_lvt_b393d153aeb26b46e9431fabaf0f6190=1549528876; Hm_lpvt_b393d153aeb26b46e9431fabaf0f6190=1549533279',
  'accept-language' => 'zh-CN,zh;q=0.9',
  'accept-encoding' => 'gzip, deflate',
  'accept' => 'text/html,application/xhtml+xml,application/xml;q=0.9,image/webp,image/apng,*/*;q=0.8',
  'user-agent' => 'Mozilla/5.0 (Windows NT 10.0; WOW64) AppleWebKit/537.36 (KHTML, like Gecko) Chrome/63.0.3239.132 Safari/537.36',
  'upgrade-insecure-requests' => '1',
  'cache-control' => 'max-age=0',
  'connection' => 'close',
  'host' => 'www.bjtc.com',
)
[ info ] [ PARAM ] array (
  '/admin/Index/login' => '',
)
[ info ] [ VIEW ] D:\WWW\bjtc\application\admin\view\index\login.html [ array (
) ]
---------------------------------------------------------------
[2019-02-07T17:55:05+08:00] 127.0.0.1 GET www.bjtc.com/lib/layui/css/layui.css
[运行时间：0.037464s] [吞吐率：26.69req/s] [内存消耗：1,123.85kb] [文件加载：52]
[ info ] [ LANG ] D:\WWW\bjtc\thinkphp\lang\zh-cn.php
---------------------------------------------------------------
[2019-02-07T17:55:05+08:00] 127.0.0.1 GET www.bjtc.com/css/bootstrap.min.css.map
[运行时间：0.039681s] [吞吐率：25.20req/s] [内存消耗：1,123.86kb] [文件加载：52]
[ info ] [ LANG ] D:\WWW\bjtc\thinkphp\lang\zh-cn.php
---------------------------------------------------------------
[2019-02-07T17:55:06+08:00] 127.0.0.1 GET www.bjtc.com/admin/Index/login
[运行时间：0.032943s] [吞吐率：30.36req/s] [内存消耗：1,478.33kb] [文件加载：62]
[ info ] [ LANG ] D:\WWW\bjtc\thinkphp\lang\zh-cn.php
[ info ] [ ROUTE ] array (
)
[ info ] [ HEADER ] array (
  'cookie' => 'pgv_pvi=4240663552; Hm_lvt_b393d153aeb26b46e9431fabaf0f6190=1549528876; Hm_lpvt_b393d153aeb26b46e9431fabaf0f6190=1549533305',
  'accept-language' => 'zh-CN,zh;q=0.9',
  'accept-encoding' => 'gzip, deflate',
  'accept' => 'text/html,application/xhtml+xml,application/xml;q=0.9,image/webp,image/apng,*/*;q=0.8',
  'user-agent' => 'Mozilla/5.0 (Windows NT 10.0; WOW64) AppleWebKit/537.36 (KHTML, like Gecko) Chrome/63.0.3239.132 Safari/537.36',
  'upgrade-insecure-requests' => '1',
  'cache-control' => 'max-age=0',
  'connection' => 'close',
  'host' => 'www.bjtc.com',
)
[ info ] [ PARAM ] array (
  '/admin/Index/login' => '',
)
[ info ] [ VIEW ] D:\WWW\bjtc\application\admin\view\index\login.html [ array (
) ]
---------------------------------------------------------------
[2019-02-07T17:55:06+08:00] 127.0.0.1 GET www.bjtc.com/lib/layui/css/layui.css
[运行时间：0.033689s] [吞吐率：29.68req/s] [内存消耗：1,123.85kb] [文件加载：52]
[ info ] [ LANG ] D:\WWW\bjtc\thinkphp\lang\zh-cn.php
---------------------------------------------------------------
[2019-02-07T17:55:06+08:00] 127.0.0.1 GET www.bjtc.com/admin/Index/login
[运行时间：0.048764s] [吞吐率：20.51req/s] [内存消耗：1,478.33kb] [文件加载：62]
[ info ] [ LANG ] D:\WWW\bjtc\thinkphp\lang\zh-cn.php
[ info ] [ ROUTE ] array (
)
[ info ] [ HEADER ] array (
  'cookie' => 'pgv_pvi=4240663552; Hm_lvt_b393d153aeb26b46e9431fabaf0f6190=1549528876; Hm_lpvt_b393d153aeb26b46e9431fabaf0f6190=1549533306',
  'accept-language' => 'zh-CN,zh;q=0.9',
  'accept-encoding' => 'gzip, deflate',
  'accept' => 'text/html,application/xhtml+xml,application/xml;q=0.9,image/webp,image/apng,*/*;q=0.8',
  'user-agent' => 'Mozilla/5.0 (Windows NT 10.0; WOW64) AppleWebKit/537.36 (KHTML, like Gecko) Chrome/63.0.3239.132 Safari/537.36',
  'upgrade-insecure-requests' => '1',
  'cache-control' => 'max-age=0',
  'connection' => 'close',
  'host' => 'www.bjtc.com',
)
[ info ] [ PARAM ] array (
  '/admin/Index/login' => '',
)
[ info ] [ VIEW ] D:\WWW\bjtc\application\admin\view\index\login.html [ array (
) ]
---------------------------------------------------------------
[2019-02-07T17:55:06+08:00] 127.0.0.1 GET www.bjtc.com/lib/layui/css/layui.css
[运行时间：0.034757s] [吞吐率：28.77req/s] [内存消耗：1,123.85kb] [文件加载：52]
[ info ] [ LANG ] D:\WWW\bjtc\thinkphp\lang\zh-cn.php
---------------------------------------------------------------
[2019-02-07T17:55:07+08:00] 127.0.0.1 GET www.bjtc.com/css/bootstrap.min.css.map
[运行时间：0.026041s] [吞吐率：38.40req/s] [内存消耗：1,123.86kb] [文件加载：52]
[ info ] [ LANG ] D:\WWW\bjtc\thinkphp\lang\zh-cn.php
---------------------------------------------------------------
[2019-02-07T17:55:07+08:00] 127.0.0.1 GET www.bjtc.com/css/bootstrap.min.css.map
[运行时间：0.026831s] [吞吐率：37.27req/s] [内存消耗：1,123.86kb] [文件加载：52]
[ info ] [ LANG ] D:\WWW\bjtc\thinkphp\lang\zh-cn.php
